[2025-04-07T02:48:36.607+0000] {processor.py:186} INFO - Started process (PID=157) to work on /opt/airflow/dags/welcome_dag.py
[2025-04-07T02:48:36.608+0000] {processor.py:914} INFO - Processing file /opt/airflow/dags/welcome_dag.py for tasks to queue
[2025-04-07T02:48:36.609+0000] {logging_mixin.py:190} INFO - [2025-04-07T02:48:36.609+0000] {dagbag.py:588} INFO - Filling up the DagBag from /opt/airflow/dags/welcome_dag.py
[2025-04-07T02:48:36.640+0000] {processor.py:925} INFO - DAG(s) 'welcome_dag' retrieved from /opt/airflow/dags/welcome_dag.py
[2025-04-07T02:48:36.761+0000] {logging_mixin.py:190} INFO - [2025-04-07T02:48:36.760+0000] {override.py:1912} INFO - Created Permission View: can delete on DAG:welcome_dag
[2025-04-07T02:48:36.786+0000] {logging_mixin.py:190} INFO - [2025-04-07T02:48:36.786+0000] {override.py:1912} INFO - Created Permission View: can edit on DAG:welcome_dag
[2025-04-07T02:48:36.805+0000] {logging_mixin.py:190} INFO - [2025-04-07T02:48:36.805+0000] {override.py:1912} INFO - Created Permission View: can read on DAG:welcome_dag
[2025-04-07T02:48:36.842+0000] {logging_mixin.py:190} INFO - [2025-04-07T02:48:36.841+0000] {override.py:1912} INFO - Created Permission View: can delete on DAG Run:welcome_dag
[2025-04-07T02:48:36.862+0000] {logging_mixin.py:190} INFO - [2025-04-07T02:48:36.862+0000] {override.py:1912} INFO - Created Permission View: can create on DAG Run:welcome_dag
[2025-04-07T02:48:36.875+0000] {logging_mixin.py:190} INFO - [2025-04-07T02:48:36.875+0000] {override.py:1912} INFO - Created Permission View: menu access on DAG Run:welcome_dag
[2025-04-07T02:48:36.892+0000] {logging_mixin.py:190} INFO - [2025-04-07T02:48:36.891+0000] {override.py:1912} INFO - Created Permission View: can read on DAG Run:welcome_dag
[2025-04-07T02:48:36.892+0000] {logging_mixin.py:190} INFO - [2025-04-07T02:48:36.892+0000] {dag.py:3239} INFO - Sync 1 DAGs
[2025-04-07T02:48:36.903+0000] {logging_mixin.py:190} INFO - [2025-04-07T02:48:36.903+0000] {dag.py:3262} INFO - Creating ORM DAG for welcome_dag
[2025-04-07T02:48:36.911+0000] {logging_mixin.py:190} INFO - [2025-04-07T02:48:36.911+0000] {dag.py:4180} INFO - Setting next_dagrun for welcome_dag to 2025-04-06 23:00:00+00:00, run_after=2025-04-07 23:00:00+00:00
[2025-04-07T02:48:36.935+0000] {processor.py:208} INFO - Processing /opt/airflow/dags/welcome_dag.py took 0.333 seconds
[2025-04-07T02:49:07.917+0000] {processor.py:186} INFO - Started process (PID=158) to work on /opt/airflow/dags/welcome_dag.py
[2025-04-07T02:49:07.918+0000] {processor.py:914} INFO - Processing file /opt/airflow/dags/welcome_dag.py for tasks to queue
[2025-04-07T02:49:07.919+0000] {logging_mixin.py:190} INFO - [2025-04-07T02:49:07.919+0000] {dagbag.py:588} INFO - Filling up the DagBag from /opt/airflow/dags/welcome_dag.py
[2025-04-07T02:49:07.934+0000] {processor.py:925} INFO - DAG(s) 'welcome_dag' retrieved from /opt/airflow/dags/welcome_dag.py
[2025-04-07T02:49:07.953+0000] {logging_mixin.py:190} INFO - [2025-04-07T02:49:07.953+0000] {dag.py:3239} INFO - Sync 1 DAGs
[2025-04-07T02:49:07.971+0000] {logging_mixin.py:190} INFO - [2025-04-07T02:49:07.971+0000] {dag.py:4180} INFO - Setting next_dagrun for welcome_dag to 2025-04-06 23:00:00+00:00, run_after=2025-04-07 23:00:00+00:00
[2025-04-07T02:49:07.996+0000] {processor.py:208} INFO - Processing /opt/airflow/dags/welcome_dag.py took 0.082 seconds
[2025-04-07T02:49:36.065+0000] {processor.py:186} INFO - Started process (PID=159) to work on /opt/airflow/dags/welcome_dag.py
[2025-04-07T02:49:36.065+0000] {processor.py:914} INFO - Processing file /opt/airflow/dags/welcome_dag.py for tasks to queue
[2025-04-07T02:49:36.066+0000] {logging_mixin.py:190} INFO - [2025-04-07T02:49:36.066+0000] {dagbag.py:588} INFO - Filling up the DagBag from /opt/airflow/dags/welcome_dag.py
[2025-04-07T02:49:36.086+0000] {processor.py:925} INFO - DAG(s) 'welcome_dag' retrieved from /opt/airflow/dags/welcome_dag.py
[2025-04-07T02:49:36.101+0000] {logging_mixin.py:190} INFO - [2025-04-07T02:49:36.101+0000] {dag.py:3239} INFO - Sync 1 DAGs
[2025-04-07T02:49:36.116+0000] {logging_mixin.py:190} INFO - [2025-04-07T02:49:36.116+0000] {dag.py:4180} INFO - Setting next_dagrun for welcome_dag to 2025-04-06 23:00:00+00:00, run_after=2025-04-07 23:00:00+00:00
[2025-04-07T02:49:36.144+0000] {processor.py:208} INFO - Processing /opt/airflow/dags/welcome_dag.py took 0.082 seconds
[2025-04-07T02:50:06.488+0000] {processor.py:186} INFO - Started process (PID=253) to work on /opt/airflow/dags/welcome_dag.py
[2025-04-07T02:50:06.489+0000] {processor.py:914} INFO - Processing file /opt/airflow/dags/welcome_dag.py for tasks to queue
[2025-04-07T02:50:06.490+0000] {logging_mixin.py:190} INFO - [2025-04-07T02:50:06.490+0000] {dagbag.py:588} INFO - Filling up the DagBag from /opt/airflow/dags/welcome_dag.py
[2025-04-07T02:50:06.502+0000] {processor.py:925} INFO - DAG(s) 'welcome_dag' retrieved from /opt/airflow/dags/welcome_dag.py
[2025-04-07T02:50:06.517+0000] {logging_mixin.py:190} INFO - [2025-04-07T02:50:06.517+0000] {dag.py:3239} INFO - Sync 1 DAGs
[2025-04-07T02:50:06.532+0000] {logging_mixin.py:190} INFO - [2025-04-07T02:50:06.532+0000] {dag.py:4180} INFO - Setting next_dagrun for welcome_dag to 2025-04-06 23:00:00+00:00, run_after=2025-04-07 23:00:00+00:00
[2025-04-07T02:50:06.558+0000] {processor.py:208} INFO - Processing /opt/airflow/dags/welcome_dag.py took 0.074 seconds
[2025-04-07T02:50:37.165+0000] {processor.py:186} INFO - Started process (PID=254) to work on /opt/airflow/dags/welcome_dag.py
[2025-04-07T02:50:37.166+0000] {processor.py:914} INFO - Processing file /opt/airflow/dags/welcome_dag.py for tasks to queue
[2025-04-07T02:50:37.168+0000] {logging_mixin.py:190} INFO - [2025-04-07T02:50:37.167+0000] {dagbag.py:588} INFO - Filling up the DagBag from /opt/airflow/dags/welcome_dag.py
[2025-04-07T02:50:37.180+0000] {processor.py:925} INFO - DAG(s) 'welcome_dag' retrieved from /opt/airflow/dags/welcome_dag.py
[2025-04-07T02:50:37.197+0000] {logging_mixin.py:190} INFO - [2025-04-07T02:50:37.196+0000] {dag.py:3239} INFO - Sync 1 DAGs
[2025-04-07T02:50:37.212+0000] {logging_mixin.py:190} INFO - [2025-04-07T02:50:37.212+0000] {dag.py:4180} INFO - Setting next_dagrun for welcome_dag to 2025-04-06 23:00:00+00:00, run_after=2025-04-07 23:00:00+00:00
[2025-04-07T02:50:37.241+0000] {processor.py:208} INFO - Processing /opt/airflow/dags/welcome_dag.py took 0.079 seconds
[2025-04-07T02:51:03.510+0000] {processor.py:186} INFO - Started process (PID=255) to work on /opt/airflow/dags/welcome_dag.py
[2025-04-07T02:51:03.511+0000] {processor.py:914} INFO - Processing file /opt/airflow/dags/welcome_dag.py for tasks to queue
[2025-04-07T02:51:03.513+0000] {logging_mixin.py:190} INFO - [2025-04-07T02:51:03.512+0000] {dagbag.py:588} INFO - Filling up the DagBag from /opt/airflow/dags/welcome_dag.py
[2025-04-07T02:51:03.535+0000] {processor.py:925} INFO - DAG(s) 'welcome_dag' retrieved from /opt/airflow/dags/welcome_dag.py
[2025-04-07T02:51:03.555+0000] {logging_mixin.py:190} INFO - [2025-04-07T02:51:03.555+0000] {dag.py:3239} INFO - Sync 1 DAGs
[2025-04-07T02:51:03.570+0000] {logging_mixin.py:190} INFO - [2025-04-07T02:51:03.570+0000] {dag.py:4180} INFO - Setting next_dagrun for welcome_dag to 2025-04-06 23:00:00+00:00, run_after=2025-04-07 23:00:00+00:00
[2025-04-07T02:51:03.595+0000] {processor.py:208} INFO - Processing /opt/airflow/dags/welcome_dag.py took 0.091 seconds
[2025-04-07T02:51:33.881+0000] {processor.py:186} INFO - Started process (PID=349) to work on /opt/airflow/dags/welcome_dag.py
[2025-04-07T02:51:33.882+0000] {processor.py:914} INFO - Processing file /opt/airflow/dags/welcome_dag.py for tasks to queue
[2025-04-07T02:51:33.883+0000] {logging_mixin.py:190} INFO - [2025-04-07T02:51:33.883+0000] {dagbag.py:588} INFO - Filling up the DagBag from /opt/airflow/dags/welcome_dag.py
[2025-04-07T02:51:33.896+0000] {processor.py:925} INFO - DAG(s) 'welcome_dag' retrieved from /opt/airflow/dags/welcome_dag.py
[2025-04-07T02:51:33.913+0000] {logging_mixin.py:190} INFO - [2025-04-07T02:51:33.913+0000] {dag.py:3239} INFO - Sync 1 DAGs
[2025-04-07T02:51:33.955+0000] {logging_mixin.py:190} INFO - [2025-04-07T02:51:33.955+0000] {dag.py:4180} INFO - Setting next_dagrun for welcome_dag to 2025-04-06 23:00:00+00:00, run_after=2025-04-07 23:00:00+00:00
[2025-04-07T02:51:34.019+0000] {processor.py:208} INFO - Processing /opt/airflow/dags/welcome_dag.py took 0.142 seconds
[2025-04-07T02:52:04.286+0000] {processor.py:186} INFO - Started process (PID=350) to work on /opt/airflow/dags/welcome_dag.py
[2025-04-07T02:52:04.287+0000] {processor.py:914} INFO - Processing file /opt/airflow/dags/welcome_dag.py for tasks to queue
[2025-04-07T02:52:04.289+0000] {logging_mixin.py:190} INFO - [2025-04-07T02:52:04.289+0000] {dagbag.py:588} INFO - Filling up the DagBag from /opt/airflow/dags/welcome_dag.py
[2025-04-07T02:52:04.305+0000] {processor.py:925} INFO - DAG(s) 'welcome_dag' retrieved from /opt/airflow/dags/welcome_dag.py
[2025-04-07T02:52:04.332+0000] {logging_mixin.py:190} INFO - [2025-04-07T02:52:04.332+0000] {dag.py:3239} INFO - Sync 1 DAGs
[2025-04-07T02:52:04.350+0000] {logging_mixin.py:190} INFO - [2025-04-07T02:52:04.350+0000] {dag.py:4180} INFO - Setting next_dagrun for welcome_dag to 2025-04-06 23:00:00+00:00, run_after=2025-04-07 23:00:00+00:00
[2025-04-07T02:52:04.417+0000] {processor.py:208} INFO - Processing /opt/airflow/dags/welcome_dag.py took 0.143 seconds
[2025-04-07T02:52:35.348+0000] {processor.py:186} INFO - Started process (PID=351) to work on /opt/airflow/dags/welcome_dag.py
[2025-04-07T02:52:35.349+0000] {processor.py:914} INFO - Processing file /opt/airflow/dags/welcome_dag.py for tasks to queue
[2025-04-07T02:52:35.350+0000] {logging_mixin.py:190} INFO - [2025-04-07T02:52:35.350+0000] {dagbag.py:588} INFO - Filling up the DagBag from /opt/airflow/dags/welcome_dag.py
[2025-04-07T02:52:35.363+0000] {processor.py:925} INFO - DAG(s) 'welcome_dag' retrieved from /opt/airflow/dags/welcome_dag.py
[2025-04-07T02:52:35.378+0000] {logging_mixin.py:190} INFO - [2025-04-07T02:52:35.378+0000] {dag.py:3239} INFO - Sync 1 DAGs
[2025-04-07T02:52:35.404+0000] {logging_mixin.py:190} INFO - [2025-04-07T02:52:35.404+0000] {dag.py:4180} INFO - Setting next_dagrun for welcome_dag to 2025-04-06 23:00:00+00:00, run_after=2025-04-07 23:00:00+00:00
[2025-04-07T02:52:35.481+0000] {processor.py:208} INFO - Processing /opt/airflow/dags/welcome_dag.py took 0.137 seconds
[2025-04-07T02:53:05.787+0000] {processor.py:186} INFO - Started process (PID=352) to work on /opt/airflow/dags/welcome_dag.py
[2025-04-07T02:53:05.788+0000] {processor.py:914} INFO - Processing file /opt/airflow/dags/welcome_dag.py for tasks to queue
[2025-04-07T02:53:05.789+0000] {logging_mixin.py:190} INFO - [2025-04-07T02:53:05.789+0000] {dagbag.py:588} INFO - Filling up the DagBag from /opt/airflow/dags/welcome_dag.py
[2025-04-07T02:53:05.806+0000] {processor.py:925} INFO - DAG(s) 'welcome_dag' retrieved from /opt/airflow/dags/welcome_dag.py
[2025-04-07T02:53:05.824+0000] {logging_mixin.py:190} INFO - [2025-04-07T02:53:05.824+0000] {dag.py:3239} INFO - Sync 1 DAGs
[2025-04-07T02:53:05.841+0000] {logging_mixin.py:190} INFO - [2025-04-07T02:53:05.841+0000] {dag.py:4180} INFO - Setting next_dagrun for welcome_dag to 2025-04-06 23:00:00+00:00, run_after=2025-04-07 23:00:00+00:00
[2025-04-07T02:53:05.869+0000] {processor.py:208} INFO - Processing /opt/airflow/dags/welcome_dag.py took 0.086 seconds
[2025-04-07T02:53:36.098+0000] {processor.py:186} INFO - Started process (PID=353) to work on /opt/airflow/dags/welcome_dag.py
[2025-04-07T02:53:36.099+0000] {processor.py:914} INFO - Processing file /opt/airflow/dags/welcome_dag.py for tasks to queue
[2025-04-07T02:53:36.100+0000] {logging_mixin.py:190} INFO - [2025-04-07T02:53:36.100+0000] {dagbag.py:588} INFO - Filling up the DagBag from /opt/airflow/dags/welcome_dag.py
[2025-04-07T02:53:36.113+0000] {processor.py:925} INFO - DAG(s) 'welcome_dag' retrieved from /opt/airflow/dags/welcome_dag.py
[2025-04-07T02:53:36.129+0000] {logging_mixin.py:190} INFO - [2025-04-07T02:53:36.129+0000] {dag.py:3239} INFO - Sync 1 DAGs
[2025-04-07T02:53:36.144+0000] {logging_mixin.py:190} INFO - [2025-04-07T02:53:36.144+0000] {dag.py:4180} INFO - Setting next_dagrun for welcome_dag to 2025-04-06 23:00:00+00:00, run_after=2025-04-07 23:00:00+00:00
[2025-04-07T02:53:36.173+0000] {processor.py:208} INFO - Processing /opt/airflow/dags/welcome_dag.py took 0.078 seconds
[2025-04-07T02:54:06.268+0000] {processor.py:186} INFO - Started process (PID=354) to work on /opt/airflow/dags/welcome_dag.py
[2025-04-07T02:54:06.269+0000] {processor.py:914} INFO - Processing file /opt/airflow/dags/welcome_dag.py for tasks to queue
[2025-04-07T02:54:06.271+0000] {logging_mixin.py:190} INFO - [2025-04-07T02:54:06.271+0000] {dagbag.py:588} INFO - Filling up the DagBag from /opt/airflow/dags/welcome_dag.py
[2025-04-07T02:54:06.286+0000] {processor.py:925} INFO - DAG(s) 'welcome_dag' retrieved from /opt/airflow/dags/welcome_dag.py
[2025-04-07T02:54:06.305+0000] {logging_mixin.py:190} INFO - [2025-04-07T02:54:06.304+0000] {dag.py:3239} INFO - Sync 1 DAGs
[2025-04-07T02:54:06.322+0000] {logging_mixin.py:190} INFO - [2025-04-07T02:54:06.322+0000] {dag.py:4180} INFO - Setting next_dagrun for welcome_dag to 2025-04-06 23:00:00+00:00, run_after=2025-04-07 23:00:00+00:00
[2025-04-07T02:54:06.353+0000] {processor.py:208} INFO - Processing /opt/airflow/dags/welcome_dag.py took 0.089 seconds
[2025-04-07T02:54:36.606+0000] {processor.py:186} INFO - Started process (PID=355) to work on /opt/airflow/dags/welcome_dag.py
[2025-04-07T02:54:36.607+0000] {processor.py:914} INFO - Processing file /opt/airflow/dags/welcome_dag.py for tasks to queue
[2025-04-07T02:54:36.608+0000] {logging_mixin.py:190} INFO - [2025-04-07T02:54:36.608+0000] {dagbag.py:588} INFO - Filling up the DagBag from /opt/airflow/dags/welcome_dag.py
[2025-04-07T02:54:36.625+0000] {processor.py:925} INFO - DAG(s) 'welcome_dag' retrieved from /opt/airflow/dags/welcome_dag.py
[2025-04-07T02:54:36.647+0000] {logging_mixin.py:190} INFO - [2025-04-07T02:54:36.647+0000] {dag.py:3239} INFO - Sync 1 DAGs
[2025-04-07T02:54:36.663+0000] {logging_mixin.py:190} INFO - [2025-04-07T02:54:36.663+0000] {dag.py:4180} INFO - Setting next_dagrun for welcome_dag to 2025-04-06 23:00:00+00:00, run_after=2025-04-07 23:00:00+00:00
[2025-04-07T02:54:36.691+0000] {processor.py:208} INFO - Processing /opt/airflow/dags/welcome_dag.py took 0.089 seconds
[2025-04-07T02:55:06.922+0000] {processor.py:186} INFO - Started process (PID=356) to work on /opt/airflow/dags/welcome_dag.py
[2025-04-07T02:55:06.923+0000] {processor.py:914} INFO - Processing file /opt/airflow/dags/welcome_dag.py for tasks to queue
[2025-04-07T02:55:06.925+0000] {logging_mixin.py:190} INFO - [2025-04-07T02:55:06.925+0000] {dagbag.py:588} INFO - Filling up the DagBag from /opt/airflow/dags/welcome_dag.py
[2025-04-07T02:55:06.942+0000] {processor.py:925} INFO - DAG(s) 'welcome_dag' retrieved from /opt/airflow/dags/welcome_dag.py
[2025-04-07T02:55:06.963+0000] {logging_mixin.py:190} INFO - [2025-04-07T02:55:06.963+0000] {dag.py:3239} INFO - Sync 1 DAGs
[2025-04-07T02:55:06.979+0000] {logging_mixin.py:190} INFO - [2025-04-07T02:55:06.979+0000] {dag.py:4180} INFO - Setting next_dagrun for welcome_dag to 2025-04-06 23:00:00+00:00, run_after=2025-04-07 23:00:00+00:00
[2025-04-07T02:55:07.007+0000] {processor.py:208} INFO - Processing /opt/airflow/dags/welcome_dag.py took 0.089 seconds
[2025-04-07T02:55:37.240+0000] {processor.py:186} INFO - Started process (PID=357) to work on /opt/airflow/dags/welcome_dag.py
[2025-04-07T02:55:37.241+0000] {processor.py:914} INFO - Processing file /opt/airflow/dags/welcome_dag.py for tasks to queue
[2025-04-07T02:55:37.243+0000] {logging_mixin.py:190} INFO - [2025-04-07T02:55:37.243+0000] {dagbag.py:588} INFO - Filling up the DagBag from /opt/airflow/dags/welcome_dag.py
[2025-04-07T02:55:37.258+0000] {processor.py:925} INFO - DAG(s) 'welcome_dag' retrieved from /opt/airflow/dags/welcome_dag.py
[2025-04-07T02:55:37.274+0000] {logging_mixin.py:190} INFO - [2025-04-07T02:55:37.274+0000] {dag.py:3239} INFO - Sync 1 DAGs
[2025-04-07T02:55:37.290+0000] {logging_mixin.py:190} INFO - [2025-04-07T02:55:37.290+0000] {dag.py:4180} INFO - Setting next_dagrun for welcome_dag to 2025-04-06 23:00:00+00:00, run_after=2025-04-07 23:00:00+00:00
[2025-04-07T02:55:37.320+0000] {processor.py:208} INFO - Processing /opt/airflow/dags/welcome_dag.py took 0.083 seconds
[2025-04-07T02:56:07.540+0000] {processor.py:186} INFO - Started process (PID=358) to work on /opt/airflow/dags/welcome_dag.py
[2025-04-07T02:56:07.541+0000] {processor.py:914} INFO - Processing file /opt/airflow/dags/welcome_dag.py for tasks to queue
[2025-04-07T02:56:07.542+0000] {logging_mixin.py:190} INFO - [2025-04-07T02:56:07.542+0000] {dagbag.py:588} INFO - Filling up the DagBag from /opt/airflow/dags/welcome_dag.py
[2025-04-07T02:56:07.557+0000] {processor.py:925} INFO - DAG(s) 'welcome_dag' retrieved from /opt/airflow/dags/welcome_dag.py
[2025-04-07T02:56:07.578+0000] {logging_mixin.py:190} INFO - [2025-04-07T02:56:07.578+0000] {dag.py:3239} INFO - Sync 1 DAGs
[2025-04-07T02:56:07.595+0000] {logging_mixin.py:190} INFO - [2025-04-07T02:56:07.594+0000] {dag.py:4180} INFO - Setting next_dagrun for welcome_dag to 2025-04-06 23:00:00+00:00, run_after=2025-04-07 23:00:00+00:00
[2025-04-07T02:56:07.625+0000] {processor.py:208} INFO - Processing /opt/airflow/dags/welcome_dag.py took 0.089 seconds
[2025-04-07T02:58:09.694+0000] {processor.py:186} INFO - Started process (PID=116) to work on /opt/airflow/dags/welcome_dag.py
[2025-04-07T02:58:09.695+0000] {processor.py:914} INFO - Processing file /opt/airflow/dags/welcome_dag.py for tasks to queue
[2025-04-07T02:58:09.697+0000] {logging_mixin.py:190} INFO - [2025-04-07T02:58:09.696+0000] {dagbag.py:588} INFO - Filling up the DagBag from /opt/airflow/dags/welcome_dag.py
[2025-04-07T02:58:09.733+0000] {processor.py:925} INFO - DAG(s) 'welcome_dag' retrieved from /opt/airflow/dags/welcome_dag.py
[2025-04-07T02:58:09.764+0000] {logging_mixin.py:190} INFO - [2025-04-07T02:58:09.764+0000] {dag.py:3239} INFO - Sync 1 DAGs
[2025-04-07T02:58:09.785+0000] {logging_mixin.py:190} INFO - [2025-04-07T02:58:09.785+0000] {dag.py:4180} INFO - Setting next_dagrun for welcome_dag to 2025-04-06 23:00:00+00:00, run_after=2025-04-07 23:00:00+00:00
[2025-04-07T02:58:09.819+0000] {processor.py:208} INFO - Processing /opt/airflow/dags/welcome_dag.py took 0.129 seconds
[2025-04-07T02:58:39.983+0000] {processor.py:186} INFO - Started process (PID=157) to work on /opt/airflow/dags/welcome_dag.py
[2025-04-07T02:58:39.984+0000] {processor.py:914} INFO - Processing file /opt/airflow/dags/welcome_dag.py for tasks to queue
[2025-04-07T02:58:39.986+0000] {logging_mixin.py:190} INFO - [2025-04-07T02:58:39.985+0000] {dagbag.py:588} INFO - Filling up the DagBag from /opt/airflow/dags/welcome_dag.py
[2025-04-07T02:58:40.004+0000] {processor.py:925} INFO - DAG(s) 'welcome_dag' retrieved from /opt/airflow/dags/welcome_dag.py
[2025-04-07T02:58:40.026+0000] {logging_mixin.py:190} INFO - [2025-04-07T02:58:40.026+0000] {dag.py:3239} INFO - Sync 1 DAGs
[2025-04-07T02:58:40.048+0000] {logging_mixin.py:190} INFO - [2025-04-07T02:58:40.047+0000] {dag.py:4180} INFO - Setting next_dagrun for welcome_dag to 2025-04-06 23:00:00+00:00, run_after=2025-04-07 23:00:00+00:00
[2025-04-07T02:58:40.081+0000] {processor.py:208} INFO - Processing /opt/airflow/dags/welcome_dag.py took 0.103 seconds
[2025-04-07T02:59:10.759+0000] {processor.py:186} INFO - Started process (PID=158) to work on /opt/airflow/dags/welcome_dag.py
[2025-04-07T02:59:10.760+0000] {processor.py:914} INFO - Processing file /opt/airflow/dags/welcome_dag.py for tasks to queue
[2025-04-07T02:59:10.762+0000] {logging_mixin.py:190} INFO - [2025-04-07T02:59:10.761+0000] {dagbag.py:588} INFO - Filling up the DagBag from /opt/airflow/dags/welcome_dag.py
[2025-04-07T02:59:10.776+0000] {processor.py:925} INFO - DAG(s) 'welcome_dag' retrieved from /opt/airflow/dags/welcome_dag.py
[2025-04-07T02:59:10.794+0000] {logging_mixin.py:190} INFO - [2025-04-07T02:59:10.794+0000] {dag.py:3239} INFO - Sync 1 DAGs
[2025-04-07T02:59:10.812+0000] {logging_mixin.py:190} INFO - [2025-04-07T02:59:10.812+0000] {dag.py:4180} INFO - Setting next_dagrun for welcome_dag to 2025-04-06 23:00:00+00:00, run_after=2025-04-07 23:00:00+00:00
[2025-04-07T02:59:10.843+0000] {processor.py:208} INFO - Processing /opt/airflow/dags/welcome_dag.py took 0.087 seconds
[2025-04-07T02:59:24.915+0000] {processor.py:186} INFO - Started process (PID=159) to work on /opt/airflow/dags/welcome_dag.py
[2025-04-07T02:59:24.916+0000] {processor.py:914} INFO - Processing file /opt/airflow/dags/welcome_dag.py for tasks to queue
[2025-04-07T02:59:24.917+0000] {logging_mixin.py:190} INFO - [2025-04-07T02:59:24.917+0000] {dagbag.py:588} INFO - Filling up the DagBag from /opt/airflow/dags/welcome_dag.py
[2025-04-07T02:59:24.929+0000] {logging_mixin.py:190} INFO - [2025-04-07T02:59:24.927+0000] {dagbag.py:387} ERROR - Failed to import: /opt/airflow/dags/welcome_dag.py
Traceback (most recent call last):
  File "/home/airflow/.local/lib/python3.12/site-packages/airflow/models/dagbag.py", line 383, in parse
    loader.exec_module(new_module)
  File "<frozen importlib._bootstrap_external>", line 995, in exec_module
  File "<frozen importlib._bootstrap_external>", line 1133, in get_code
  File "<frozen importlib._bootstrap_external>", line 1063, in source_to_code
  File "<frozen importlib._bootstrap>", line 488, in _call_with_frames_removed
  File "/opt/airflow/dags/welcome_dag.py", line 12
    with open('/etc/bigquery_creds.json') as 
                                             ^
SyntaxError: invalid syntax
[2025-04-07T02:59:24.929+0000] {processor.py:927} WARNING - No viable dags retrieved from /opt/airflow/dags/welcome_dag.py
[2025-04-07T02:59:24.949+0000] {processor.py:208} INFO - Processing /opt/airflow/dags/welcome_dag.py took 0.040 seconds
[2025-04-07T02:59:55.306+0000] {processor.py:186} INFO - Started process (PID=160) to work on /opt/airflow/dags/welcome_dag.py
[2025-04-07T02:59:55.308+0000] {processor.py:914} INFO - Processing file /opt/airflow/dags/welcome_dag.py for tasks to queue
[2025-04-07T02:59:55.310+0000] {logging_mixin.py:190} INFO - [2025-04-07T02:59:55.310+0000] {dagbag.py:588} INFO - Filling up the DagBag from /opt/airflow/dags/welcome_dag.py
[2025-04-07T02:59:55.325+0000] {logging_mixin.py:190} INFO - [2025-04-07T02:59:55.324+0000] {dagbag.py:387} ERROR - Failed to import: /opt/airflow/dags/welcome_dag.py
Traceback (most recent call last):
  File "/home/airflow/.local/lib/python3.12/site-packages/airflow/models/dagbag.py", line 383, in parse
    loader.exec_module(new_module)
  File "<frozen importlib._bootstrap_external>", line 995, in exec_module
  File "<frozen importlib._bootstrap_external>", line 1133, in get_code
  File "<frozen importlib._bootstrap_external>", line 1063, in source_to_code
  File "<frozen importlib._bootstrap>", line 488, in _call_with_frames_removed
  File "/opt/airflow/dags/welcome_dag.py", line 12
    with open('/etc/bigquery_creds.json') as 
                                             ^
SyntaxError: invalid syntax
[2025-04-07T02:59:55.325+0000] {processor.py:927} WARNING - No viable dags retrieved from /opt/airflow/dags/welcome_dag.py
[2025-04-07T02:59:55.343+0000] {processor.py:208} INFO - Processing /opt/airflow/dags/welcome_dag.py took 0.042 seconds
[2025-04-07T02:59:59.899+0000] {processor.py:186} INFO - Started process (PID=161) to work on /opt/airflow/dags/welcome_dag.py
[2025-04-07T02:59:59.900+0000] {processor.py:914} INFO - Processing file /opt/airflow/dags/welcome_dag.py for tasks to queue
[2025-04-07T02:59:59.901+0000] {logging_mixin.py:190} INFO - [2025-04-07T02:59:59.901+0000] {dagbag.py:588} INFO - Filling up the DagBag from /opt/airflow/dags/welcome_dag.py
[2025-04-07T03:00:00.066+0000] {processor.py:925} INFO - DAG(s) 'welcome_dag' retrieved from /opt/airflow/dags/welcome_dag.py
[2025-04-07T03:00:00.090+0000] {logging_mixin.py:190} INFO - [2025-04-07T03:00:00.090+0000] {dag.py:3239} INFO - Sync 1 DAGs
[2025-04-07T03:00:00.107+0000] {logging_mixin.py:190} INFO - [2025-04-07T03:00:00.107+0000] {dag.py:4180} INFO - Setting next_dagrun for welcome_dag to 2025-04-06 23:00:00+00:00, run_after=2025-04-07 23:00:00+00:00
[2025-04-07T03:00:00.149+0000] {processor.py:208} INFO - Processing /opt/airflow/dags/welcome_dag.py took 0.255 seconds
[2025-04-07T03:00:02.741+0000] {processor.py:186} INFO - Started process (PID=162) to work on /opt/airflow/dags/welcome_dag.py
[2025-04-07T03:00:02.743+0000] {processor.py:914} INFO - Processing file /opt/airflow/dags/welcome_dag.py for tasks to queue
[2025-04-07T03:00:02.745+0000] {logging_mixin.py:190} INFO - [2025-04-07T03:00:02.745+0000] {dagbag.py:588} INFO - Filling up the DagBag from /opt/airflow/dags/welcome_dag.py
[2025-04-07T03:00:02.921+0000] {processor.py:925} INFO - DAG(s) 'welcome_dag' retrieved from /opt/airflow/dags/welcome_dag.py
[2025-04-07T03:00:02.974+0000] {logging_mixin.py:190} INFO - [2025-04-07T03:00:02.974+0000] {dag.py:3239} INFO - Sync 1 DAGs
[2025-04-07T03:00:03.024+0000] {logging_mixin.py:190} INFO - [2025-04-07T03:00:03.023+0000] {dag.py:4180} INFO - Setting next_dagrun for welcome_dag to 2025-04-06 23:00:00+00:00, run_after=2025-04-07 23:00:00+00:00
[2025-04-07T03:00:03.158+0000] {processor.py:208} INFO - Processing /opt/airflow/dags/welcome_dag.py took 0.425 seconds
[2025-04-07T03:00:33.902+0000] {processor.py:186} INFO - Started process (PID=163) to work on /opt/airflow/dags/welcome_dag.py
[2025-04-07T03:00:33.903+0000] {processor.py:914} INFO - Processing file /opt/airflow/dags/welcome_dag.py for tasks to queue
[2025-04-07T03:00:33.906+0000] {logging_mixin.py:190} INFO - [2025-04-07T03:00:33.905+0000] {dagbag.py:588} INFO - Filling up the DagBag from /opt/airflow/dags/welcome_dag.py
[2025-04-07T03:00:33.923+0000] {processor.py:925} INFO - DAG(s) 'welcome_dag' retrieved from /opt/airflow/dags/welcome_dag.py
[2025-04-07T03:00:33.943+0000] {logging_mixin.py:190} INFO - [2025-04-07T03:00:33.942+0000] {dag.py:3239} INFO - Sync 1 DAGs
[2025-04-07T03:00:33.961+0000] {logging_mixin.py:190} INFO - [2025-04-07T03:00:33.961+0000] {dag.py:4180} INFO - Setting next_dagrun for welcome_dag to 2025-04-06 23:00:00+00:00, run_after=2025-04-07 23:00:00+00:00
[2025-04-07T03:00:33.992+0000] {processor.py:208} INFO - Processing /opt/airflow/dags/welcome_dag.py took 0.097 seconds
[2025-04-07T03:01:04.346+0000] {processor.py:186} INFO - Started process (PID=257) to work on /opt/airflow/dags/welcome_dag.py
[2025-04-07T03:01:04.347+0000] {processor.py:914} INFO - Processing file /opt/airflow/dags/welcome_dag.py for tasks to queue
[2025-04-07T03:01:04.349+0000] {logging_mixin.py:190} INFO - [2025-04-07T03:01:04.349+0000] {dagbag.py:588} INFO - Filling up the DagBag from /opt/airflow/dags/welcome_dag.py
[2025-04-07T03:01:04.437+0000] {processor.py:925} INFO - DAG(s) 'welcome_dag' retrieved from /opt/airflow/dags/welcome_dag.py
[2025-04-07T03:01:04.504+0000] {logging_mixin.py:190} INFO - [2025-04-07T03:01:04.504+0000] {dag.py:3239} INFO - Sync 1 DAGs
[2025-04-07T03:01:04.556+0000] {logging_mixin.py:190} INFO - [2025-04-07T03:01:04.556+0000] {dag.py:4180} INFO - Setting next_dagrun for welcome_dag to 2025-04-06 23:00:00+00:00, run_after=2025-04-07 23:00:00+00:00
[2025-04-07T03:01:04.714+0000] {processor.py:208} INFO - Processing /opt/airflow/dags/welcome_dag.py took 0.371 seconds
[2025-04-07T03:01:35.113+0000] {processor.py:186} INFO - Started process (PID=258) to work on /opt/airflow/dags/welcome_dag.py
[2025-04-07T03:01:35.114+0000] {processor.py:914} INFO - Processing file /opt/airflow/dags/welcome_dag.py for tasks to queue
[2025-04-07T03:01:35.115+0000] {logging_mixin.py:190} INFO - [2025-04-07T03:01:35.115+0000] {dagbag.py:588} INFO - Filling up the DagBag from /opt/airflow/dags/welcome_dag.py
[2025-04-07T03:01:35.135+0000] {processor.py:925} INFO - DAG(s) 'welcome_dag' retrieved from /opt/airflow/dags/welcome_dag.py
[2025-04-07T03:01:35.155+0000] {logging_mixin.py:190} INFO - [2025-04-07T03:01:35.155+0000] {dag.py:3239} INFO - Sync 1 DAGs
[2025-04-07T03:01:35.173+0000] {logging_mixin.py:190} INFO - [2025-04-07T03:01:35.173+0000] {dag.py:4180} INFO - Setting next_dagrun for welcome_dag to 2025-04-06 23:00:00+00:00, run_after=2025-04-07 23:00:00+00:00
[2025-04-07T03:01:35.199+0000] {processor.py:208} INFO - Processing /opt/airflow/dags/welcome_dag.py took 0.090 seconds
[2025-04-07T03:02:05.576+0000] {processor.py:186} INFO - Started process (PID=259) to work on /opt/airflow/dags/welcome_dag.py
[2025-04-07T03:02:05.577+0000] {processor.py:914} INFO - Processing file /opt/airflow/dags/welcome_dag.py for tasks to queue
[2025-04-07T03:02:05.579+0000] {logging_mixin.py:190} INFO - [2025-04-07T03:02:05.578+0000] {dagbag.py:588} INFO - Filling up the DagBag from /opt/airflow/dags/welcome_dag.py
[2025-04-07T03:02:05.595+0000] {processor.py:925} INFO - DAG(s) 'welcome_dag' retrieved from /opt/airflow/dags/welcome_dag.py
[2025-04-07T03:02:05.612+0000] {logging_mixin.py:190} INFO - [2025-04-07T03:02:05.612+0000] {dag.py:3239} INFO - Sync 1 DAGs
[2025-04-07T03:02:05.628+0000] {logging_mixin.py:190} INFO - [2025-04-07T03:02:05.628+0000] {dag.py:4180} INFO - Setting next_dagrun for welcome_dag to 2025-04-06 23:00:00+00:00, run_after=2025-04-07 23:00:00+00:00
[2025-04-07T03:02:05.667+0000] {processor.py:208} INFO - Processing /opt/airflow/dags/welcome_dag.py took 0.094 seconds
[2025-04-07T03:02:36.076+0000] {processor.py:186} INFO - Started process (PID=260) to work on /opt/airflow/dags/welcome_dag.py
[2025-04-07T03:02:36.080+0000] {processor.py:914} INFO - Processing file /opt/airflow/dags/welcome_dag.py for tasks to queue
[2025-04-07T03:02:36.083+0000] {logging_mixin.py:190} INFO - [2025-04-07T03:02:36.083+0000] {dagbag.py:588} INFO - Filling up the DagBag from /opt/airflow/dags/welcome_dag.py
[2025-04-07T03:02:36.096+0000] {processor.py:925} INFO - DAG(s) 'welcome_dag' retrieved from /opt/airflow/dags/welcome_dag.py
[2025-04-07T03:02:36.115+0000] {logging_mixin.py:190} INFO - [2025-04-07T03:02:36.115+0000] {dag.py:3239} INFO - Sync 1 DAGs
[2025-04-07T03:02:36.130+0000] {logging_mixin.py:190} INFO - [2025-04-07T03:02:36.130+0000] {dag.py:4180} INFO - Setting next_dagrun for welcome_dag to 2025-04-06 23:00:00+00:00, run_after=2025-04-07 23:00:00+00:00
[2025-04-07T03:02:36.156+0000] {processor.py:208} INFO - Processing /opt/airflow/dags/welcome_dag.py took 0.083 seconds
[2025-04-07T03:03:06.542+0000] {processor.py:186} INFO - Started process (PID=261) to work on /opt/airflow/dags/welcome_dag.py
[2025-04-07T03:03:06.543+0000] {processor.py:914} INFO - Processing file /opt/airflow/dags/welcome_dag.py for tasks to queue
[2025-04-07T03:03:06.544+0000] {logging_mixin.py:190} INFO - [2025-04-07T03:03:06.544+0000] {dagbag.py:588} INFO - Filling up the DagBag from /opt/airflow/dags/welcome_dag.py
[2025-04-07T03:03:06.556+0000] {processor.py:925} INFO - DAG(s) 'welcome_dag' retrieved from /opt/airflow/dags/welcome_dag.py
[2025-04-07T03:03:06.571+0000] {logging_mixin.py:190} INFO - [2025-04-07T03:03:06.571+0000] {dag.py:3239} INFO - Sync 1 DAGs
[2025-04-07T03:03:06.586+0000] {logging_mixin.py:190} INFO - [2025-04-07T03:03:06.586+0000] {dag.py:4180} INFO - Setting next_dagrun for welcome_dag to 2025-04-06 23:00:00+00:00, run_after=2025-04-07 23:00:00+00:00
[2025-04-07T03:03:06.612+0000] {processor.py:208} INFO - Processing /opt/airflow/dags/welcome_dag.py took 0.074 seconds
[2025-04-07T03:03:36.895+0000] {processor.py:186} INFO - Started process (PID=262) to work on /opt/airflow/dags/welcome_dag.py
[2025-04-07T03:03:36.898+0000] {processor.py:914} INFO - Processing file /opt/airflow/dags/welcome_dag.py for tasks to queue
[2025-04-07T03:03:36.900+0000] {logging_mixin.py:190} INFO - [2025-04-07T03:03:36.900+0000] {dagbag.py:588} INFO - Filling up the DagBag from /opt/airflow/dags/welcome_dag.py
[2025-04-07T03:03:36.932+0000] {processor.py:925} INFO - DAG(s) 'welcome_dag' retrieved from /opt/airflow/dags/welcome_dag.py
[2025-04-07T03:03:36.951+0000] {logging_mixin.py:190} INFO - [2025-04-07T03:03:36.950+0000] {dag.py:3239} INFO - Sync 1 DAGs
[2025-04-07T03:03:36.966+0000] {logging_mixin.py:190} INFO - [2025-04-07T03:03:36.966+0000] {dag.py:4180} INFO - Setting next_dagrun for welcome_dag to 2025-04-06 23:00:00+00:00, run_after=2025-04-07 23:00:00+00:00
[2025-04-07T03:03:36.990+0000] {processor.py:208} INFO - Processing /opt/airflow/dags/welcome_dag.py took 0.098 seconds
[2025-04-07T03:04:07.403+0000] {processor.py:186} INFO - Started process (PID=263) to work on /opt/airflow/dags/welcome_dag.py
[2025-04-07T03:04:07.404+0000] {processor.py:914} INFO - Processing file /opt/airflow/dags/welcome_dag.py for tasks to queue
[2025-04-07T03:04:07.405+0000] {logging_mixin.py:190} INFO - [2025-04-07T03:04:07.405+0000] {dagbag.py:588} INFO - Filling up the DagBag from /opt/airflow/dags/welcome_dag.py
[2025-04-07T03:04:07.417+0000] {processor.py:925} INFO - DAG(s) 'welcome_dag' retrieved from /opt/airflow/dags/welcome_dag.py
[2025-04-07T03:04:07.433+0000] {logging_mixin.py:190} INFO - [2025-04-07T03:04:07.433+0000] {dag.py:3239} INFO - Sync 1 DAGs
[2025-04-07T03:04:07.448+0000] {logging_mixin.py:190} INFO - [2025-04-07T03:04:07.448+0000] {dag.py:4180} INFO - Setting next_dagrun for welcome_dag to 2025-04-06 23:00:00+00:00, run_after=2025-04-07 23:00:00+00:00
[2025-04-07T03:04:07.474+0000] {processor.py:208} INFO - Processing /opt/airflow/dags/welcome_dag.py took 0.074 seconds
[2025-04-07T03:04:37.924+0000] {processor.py:186} INFO - Started process (PID=264) to work on /opt/airflow/dags/welcome_dag.py
[2025-04-07T03:04:37.925+0000] {processor.py:914} INFO - Processing file /opt/airflow/dags/welcome_dag.py for tasks to queue
[2025-04-07T03:04:37.927+0000] {logging_mixin.py:190} INFO - [2025-04-07T03:04:37.926+0000] {dagbag.py:588} INFO - Filling up the DagBag from /opt/airflow/dags/welcome_dag.py
[2025-04-07T03:04:37.939+0000] {processor.py:925} INFO - DAG(s) 'welcome_dag' retrieved from /opt/airflow/dags/welcome_dag.py
[2025-04-07T03:04:37.957+0000] {logging_mixin.py:190} INFO - [2025-04-07T03:04:37.957+0000] {dag.py:3239} INFO - Sync 1 DAGs
[2025-04-07T03:04:37.977+0000] {logging_mixin.py:190} INFO - [2025-04-07T03:04:37.977+0000] {dag.py:4180} INFO - Setting next_dagrun for welcome_dag to 2025-04-06 23:00:00+00:00, run_after=2025-04-07 23:00:00+00:00
[2025-04-07T03:04:38.009+0000] {processor.py:208} INFO - Processing /opt/airflow/dags/welcome_dag.py took 0.088 seconds
[2025-04-07T03:05:08.528+0000] {processor.py:186} INFO - Started process (PID=265) to work on /opt/airflow/dags/welcome_dag.py
[2025-04-07T03:05:08.529+0000] {processor.py:914} INFO - Processing file /opt/airflow/dags/welcome_dag.py for tasks to queue
[2025-04-07T03:05:08.530+0000] {logging_mixin.py:190} INFO - [2025-04-07T03:05:08.530+0000] {dagbag.py:588} INFO - Filling up the DagBag from /opt/airflow/dags/welcome_dag.py
[2025-04-07T03:05:08.545+0000] {processor.py:925} INFO - DAG(s) 'welcome_dag' retrieved from /opt/airflow/dags/welcome_dag.py
[2025-04-07T03:05:08.561+0000] {logging_mixin.py:190} INFO - [2025-04-07T03:05:08.561+0000] {dag.py:3239} INFO - Sync 1 DAGs
[2025-04-07T03:05:08.578+0000] {logging_mixin.py:190} INFO - [2025-04-07T03:05:08.578+0000] {dag.py:4180} INFO - Setting next_dagrun for welcome_dag to 2025-04-06 23:00:00+00:00, run_after=2025-04-07 23:00:00+00:00
[2025-04-07T03:05:08.612+0000] {processor.py:208} INFO - Processing /opt/airflow/dags/welcome_dag.py took 0.088 seconds
[2025-04-07T03:05:38.960+0000] {processor.py:186} INFO - Started process (PID=266) to work on /opt/airflow/dags/welcome_dag.py
[2025-04-07T03:05:38.960+0000] {processor.py:914} INFO - Processing file /opt/airflow/dags/welcome_dag.py for tasks to queue
[2025-04-07T03:05:38.962+0000] {logging_mixin.py:190} INFO - [2025-04-07T03:05:38.962+0000] {dagbag.py:588} INFO - Filling up the DagBag from /opt/airflow/dags/welcome_dag.py
[2025-04-07T03:05:38.978+0000] {processor.py:925} INFO - DAG(s) 'welcome_dag' retrieved from /opt/airflow/dags/welcome_dag.py
[2025-04-07T03:05:38.994+0000] {logging_mixin.py:190} INFO - [2025-04-07T03:05:38.994+0000] {dag.py:3239} INFO - Sync 1 DAGs
[2025-04-07T03:05:39.013+0000] {logging_mixin.py:190} INFO - [2025-04-07T03:05:39.013+0000] {dag.py:4180} INFO - Setting next_dagrun for welcome_dag to 2025-04-06 23:00:00+00:00, run_after=2025-04-07 23:00:00+00:00
[2025-04-07T03:05:39.042+0000] {processor.py:208} INFO - Processing /opt/airflow/dags/welcome_dag.py took 0.085 seconds
[2025-04-07T03:06:09.424+0000] {processor.py:186} INFO - Started process (PID=267) to work on /opt/airflow/dags/welcome_dag.py
[2025-04-07T03:06:09.425+0000] {processor.py:914} INFO - Processing file /opt/airflow/dags/welcome_dag.py for tasks to queue
[2025-04-07T03:06:09.427+0000] {logging_mixin.py:190} INFO - [2025-04-07T03:06:09.426+0000] {dagbag.py:588} INFO - Filling up the DagBag from /opt/airflow/dags/welcome_dag.py
[2025-04-07T03:06:09.444+0000] {processor.py:925} INFO - DAG(s) 'welcome_dag' retrieved from /opt/airflow/dags/welcome_dag.py
[2025-04-07T03:06:09.460+0000] {logging_mixin.py:190} INFO - [2025-04-07T03:06:09.460+0000] {dag.py:3239} INFO - Sync 1 DAGs
[2025-04-07T03:06:09.477+0000] {logging_mixin.py:190} INFO - [2025-04-07T03:06:09.477+0000] {dag.py:4180} INFO - Setting next_dagrun for welcome_dag to 2025-04-06 23:00:00+00:00, run_after=2025-04-07 23:00:00+00:00
[2025-04-07T03:06:09.505+0000] {processor.py:208} INFO - Processing /opt/airflow/dags/welcome_dag.py took 0.084 seconds
[2025-04-07T03:06:39.925+0000] {processor.py:186} INFO - Started process (PID=268) to work on /opt/airflow/dags/welcome_dag.py
[2025-04-07T03:06:39.926+0000] {processor.py:914} INFO - Processing file /opt/airflow/dags/welcome_dag.py for tasks to queue
[2025-04-07T03:06:39.927+0000] {logging_mixin.py:190} INFO - [2025-04-07T03:06:39.927+0000] {dagbag.py:588} INFO - Filling up the DagBag from /opt/airflow/dags/welcome_dag.py
[2025-04-07T03:06:39.940+0000] {processor.py:925} INFO - DAG(s) 'welcome_dag' retrieved from /opt/airflow/dags/welcome_dag.py
[2025-04-07T03:06:39.956+0000] {logging_mixin.py:190} INFO - [2025-04-07T03:06:39.956+0000] {dag.py:3239} INFO - Sync 1 DAGs
[2025-04-07T03:06:39.974+0000] {logging_mixin.py:190} INFO - [2025-04-07T03:06:39.973+0000] {dag.py:4180} INFO - Setting next_dagrun for welcome_dag to 2025-04-06 23:00:00+00:00, run_after=2025-04-07 23:00:00+00:00
[2025-04-07T03:06:40.002+0000] {processor.py:208} INFO - Processing /opt/airflow/dags/welcome_dag.py took 0.080 seconds
[2025-04-07T03:07:10.277+0000] {processor.py:186} INFO - Started process (PID=269) to work on /opt/airflow/dags/welcome_dag.py
[2025-04-07T03:07:10.278+0000] {processor.py:914} INFO - Processing file /opt/airflow/dags/welcome_dag.py for tasks to queue
[2025-04-07T03:07:10.280+0000] {logging_mixin.py:190} INFO - [2025-04-07T03:07:10.279+0000] {dagbag.py:588} INFO - Filling up the DagBag from /opt/airflow/dags/welcome_dag.py
[2025-04-07T03:07:10.294+0000] {processor.py:925} INFO - DAG(s) 'welcome_dag' retrieved from /opt/airflow/dags/welcome_dag.py
[2025-04-07T03:07:10.313+0000] {logging_mixin.py:190} INFO - [2025-04-07T03:07:10.312+0000] {dag.py:3239} INFO - Sync 1 DAGs
[2025-04-07T03:07:10.330+0000] {logging_mixin.py:190} INFO - [2025-04-07T03:07:10.329+0000] {dag.py:4180} INFO - Setting next_dagrun for welcome_dag to 2025-04-06 23:00:00+00:00, run_after=2025-04-07 23:00:00+00:00
[2025-04-07T03:07:10.359+0000] {processor.py:208} INFO - Processing /opt/airflow/dags/welcome_dag.py took 0.086 seconds
[2025-04-07T03:07:40.902+0000] {processor.py:186} INFO - Started process (PID=270) to work on /opt/airflow/dags/welcome_dag.py
[2025-04-07T03:07:40.902+0000] {processor.py:914} INFO - Processing file /opt/airflow/dags/welcome_dag.py for tasks to queue
[2025-04-07T03:07:40.904+0000] {logging_mixin.py:190} INFO - [2025-04-07T03:07:40.904+0000] {dagbag.py:588} INFO - Filling up the DagBag from /opt/airflow/dags/welcome_dag.py
[2025-04-07T03:07:40.918+0000] {processor.py:925} INFO - DAG(s) 'welcome_dag' retrieved from /opt/airflow/dags/welcome_dag.py
[2025-04-07T03:07:40.936+0000] {logging_mixin.py:190} INFO - [2025-04-07T03:07:40.936+0000] {dag.py:3239} INFO - Sync 1 DAGs
[2025-04-07T03:07:40.952+0000] {logging_mixin.py:190} INFO - [2025-04-07T03:07:40.952+0000] {dag.py:4180} INFO - Setting next_dagrun for welcome_dag to 2025-04-06 23:00:00+00:00, run_after=2025-04-07 23:00:00+00:00
[2025-04-07T03:07:40.976+0000] {processor.py:208} INFO - Processing /opt/airflow/dags/welcome_dag.py took 0.077 seconds
[2025-04-07T03:08:11.492+0000] {processor.py:186} INFO - Started process (PID=271) to work on /opt/airflow/dags/welcome_dag.py
[2025-04-07T03:08:11.493+0000] {processor.py:914} INFO - Processing file /opt/airflow/dags/welcome_dag.py for tasks to queue
[2025-04-07T03:08:11.495+0000] {logging_mixin.py:190} INFO - [2025-04-07T03:08:11.494+0000] {dagbag.py:588} INFO - Filling up the DagBag from /opt/airflow/dags/welcome_dag.py
[2025-04-07T03:08:11.508+0000] {processor.py:925} INFO - DAG(s) 'welcome_dag' retrieved from /opt/airflow/dags/welcome_dag.py
[2025-04-07T03:08:11.527+0000] {logging_mixin.py:190} INFO - [2025-04-07T03:08:11.526+0000] {dag.py:3239} INFO - Sync 1 DAGs
[2025-04-07T03:08:11.542+0000] {logging_mixin.py:190} INFO - [2025-04-07T03:08:11.542+0000] {dag.py:4180} INFO - Setting next_dagrun for welcome_dag to 2025-04-06 23:00:00+00:00, run_after=2025-04-07 23:00:00+00:00
[2025-04-07T03:08:11.571+0000] {processor.py:208} INFO - Processing /opt/airflow/dags/welcome_dag.py took 0.083 seconds
[2025-04-07T03:08:41.854+0000] {processor.py:186} INFO - Started process (PID=272) to work on /opt/airflow/dags/welcome_dag.py
[2025-04-07T03:08:41.854+0000] {processor.py:914} INFO - Processing file /opt/airflow/dags/welcome_dag.py for tasks to queue
[2025-04-07T03:08:41.856+0000] {logging_mixin.py:190} INFO - [2025-04-07T03:08:41.855+0000] {dagbag.py:588} INFO - Filling up the DagBag from /opt/airflow/dags/welcome_dag.py
[2025-04-07T03:08:41.869+0000] {processor.py:925} INFO - DAG(s) 'welcome_dag' retrieved from /opt/airflow/dags/welcome_dag.py
[2025-04-07T03:08:41.887+0000] {logging_mixin.py:190} INFO - [2025-04-07T03:08:41.887+0000] {dag.py:3239} INFO - Sync 1 DAGs
[2025-04-07T03:08:41.903+0000] {logging_mixin.py:190} INFO - [2025-04-07T03:08:41.903+0000] {dag.py:4180} INFO - Setting next_dagrun for welcome_dag to 2025-04-06 23:00:00+00:00, run_after=2025-04-07 23:00:00+00:00
[2025-04-07T03:08:41.930+0000] {processor.py:208} INFO - Processing /opt/airflow/dags/welcome_dag.py took 0.079 seconds
[2025-04-07T03:09:12.268+0000] {processor.py:186} INFO - Started process (PID=273) to work on /opt/airflow/dags/welcome_dag.py
[2025-04-07T03:09:12.269+0000] {processor.py:914} INFO - Processing file /opt/airflow/dags/welcome_dag.py for tasks to queue
[2025-04-07T03:09:12.271+0000] {logging_mixin.py:190} INFO - [2025-04-07T03:09:12.271+0000] {dagbag.py:588} INFO - Filling up the DagBag from /opt/airflow/dags/welcome_dag.py
[2025-04-07T03:09:12.284+0000] {processor.py:925} INFO - DAG(s) 'welcome_dag' retrieved from /opt/airflow/dags/welcome_dag.py
[2025-04-07T03:09:12.301+0000] {logging_mixin.py:190} INFO - [2025-04-07T03:09:12.300+0000] {dag.py:3239} INFO - Sync 1 DAGs
[2025-04-07T03:09:12.316+0000] {logging_mixin.py:190} INFO - [2025-04-07T03:09:12.315+0000] {dag.py:4180} INFO - Setting next_dagrun for welcome_dag to 2025-04-06 23:00:00+00:00, run_after=2025-04-07 23:00:00+00:00
[2025-04-07T03:09:12.340+0000] {processor.py:208} INFO - Processing /opt/airflow/dags/welcome_dag.py took 0.075 seconds
[2025-04-07T03:09:42.783+0000] {processor.py:186} INFO - Started process (PID=274) to work on /opt/airflow/dags/welcome_dag.py
[2025-04-07T03:09:42.784+0000] {processor.py:914} INFO - Processing file /opt/airflow/dags/welcome_dag.py for tasks to queue
[2025-04-07T03:09:42.785+0000] {logging_mixin.py:190} INFO - [2025-04-07T03:09:42.785+0000] {dagbag.py:588} INFO - Filling up the DagBag from /opt/airflow/dags/welcome_dag.py
[2025-04-07T03:09:42.799+0000] {processor.py:925} INFO - DAG(s) 'welcome_dag' retrieved from /opt/airflow/dags/welcome_dag.py
[2025-04-07T03:09:42.816+0000] {logging_mixin.py:190} INFO - [2025-04-07T03:09:42.816+0000] {dag.py:3239} INFO - Sync 1 DAGs
[2025-04-07T03:09:42.831+0000] {logging_mixin.py:190} INFO - [2025-04-07T03:09:42.831+0000] {dag.py:4180} INFO - Setting next_dagrun for welcome_dag to 2025-04-06 23:00:00+00:00, run_after=2025-04-07 23:00:00+00:00
[2025-04-07T03:09:42.873+0000] {processor.py:208} INFO - Processing /opt/airflow/dags/welcome_dag.py took 0.093 seconds
[2025-04-07T03:10:13.204+0000] {processor.py:186} INFO - Started process (PID=275) to work on /opt/airflow/dags/welcome_dag.py
[2025-04-07T03:10:13.205+0000] {processor.py:914} INFO - Processing file /opt/airflow/dags/welcome_dag.py for tasks to queue
[2025-04-07T03:10:13.207+0000] {logging_mixin.py:190} INFO - [2025-04-07T03:10:13.207+0000] {dagbag.py:588} INFO - Filling up the DagBag from /opt/airflow/dags/welcome_dag.py
[2025-04-07T03:10:13.222+0000] {processor.py:925} INFO - DAG(s) 'welcome_dag' retrieved from /opt/airflow/dags/welcome_dag.py
[2025-04-07T03:10:13.239+0000] {logging_mixin.py:190} INFO - [2025-04-07T03:10:13.239+0000] {dag.py:3239} INFO - Sync 1 DAGs
[2025-04-07T03:10:13.254+0000] {logging_mixin.py:190} INFO - [2025-04-07T03:10:13.254+0000] {dag.py:4180} INFO - Setting next_dagrun for welcome_dag to 2025-04-06 23:00:00+00:00, run_after=2025-04-07 23:00:00+00:00
[2025-04-07T03:10:13.282+0000] {processor.py:208} INFO - Processing /opt/airflow/dags/welcome_dag.py took 0.081 seconds
[2025-04-07T03:10:43.693+0000] {processor.py:186} INFO - Started process (PID=276) to work on /opt/airflow/dags/welcome_dag.py
[2025-04-07T03:10:43.693+0000] {processor.py:914} INFO - Processing file /opt/airflow/dags/welcome_dag.py for tasks to queue
[2025-04-07T03:10:43.695+0000] {logging_mixin.py:190} INFO - [2025-04-07T03:10:43.695+0000] {dagbag.py:588} INFO - Filling up the DagBag from /opt/airflow/dags/welcome_dag.py
[2025-04-07T03:10:43.711+0000] {processor.py:925} INFO - DAG(s) 'welcome_dag' retrieved from /opt/airflow/dags/welcome_dag.py
[2025-04-07T03:10:43.728+0000] {logging_mixin.py:190} INFO - [2025-04-07T03:10:43.728+0000] {dag.py:3239} INFO - Sync 1 DAGs
[2025-04-07T03:10:43.747+0000] {logging_mixin.py:190} INFO - [2025-04-07T03:10:43.747+0000] {dag.py:4180} INFO - Setting next_dagrun for welcome_dag to 2025-04-06 23:00:00+00:00, run_after=2025-04-07 23:00:00+00:00
[2025-04-07T03:10:43.782+0000] {processor.py:208} INFO - Processing /opt/airflow/dags/welcome_dag.py took 0.093 seconds
[2025-04-07T03:11:14.122+0000] {processor.py:186} INFO - Started process (PID=277) to work on /opt/airflow/dags/welcome_dag.py
[2025-04-07T03:11:14.123+0000] {processor.py:914} INFO - Processing file /opt/airflow/dags/welcome_dag.py for tasks to queue
[2025-04-07T03:11:14.124+0000] {logging_mixin.py:190} INFO - [2025-04-07T03:11:14.124+0000] {dagbag.py:588} INFO - Filling up the DagBag from /opt/airflow/dags/welcome_dag.py
[2025-04-07T03:11:14.140+0000] {processor.py:925} INFO - DAG(s) 'welcome_dag' retrieved from /opt/airflow/dags/welcome_dag.py
[2025-04-07T03:11:14.156+0000] {logging_mixin.py:190} INFO - [2025-04-07T03:11:14.156+0000] {dag.py:3239} INFO - Sync 1 DAGs
[2025-04-07T03:11:14.172+0000] {logging_mixin.py:190} INFO - [2025-04-07T03:11:14.172+0000] {dag.py:4180} INFO - Setting next_dagrun for welcome_dag to 2025-04-06 23:00:00+00:00, run_after=2025-04-07 23:00:00+00:00
[2025-04-07T03:11:14.199+0000] {processor.py:208} INFO - Processing /opt/airflow/dags/welcome_dag.py took 0.080 seconds
[2025-04-07T03:11:44.649+0000] {processor.py:186} INFO - Started process (PID=278) to work on /opt/airflow/dags/welcome_dag.py
[2025-04-07T03:11:44.649+0000] {processor.py:914} INFO - Processing file /opt/airflow/dags/welcome_dag.py for tasks to queue
[2025-04-07T03:11:44.651+0000] {logging_mixin.py:190} INFO - [2025-04-07T03:11:44.651+0000] {dagbag.py:588} INFO - Filling up the DagBag from /opt/airflow/dags/welcome_dag.py
[2025-04-07T03:11:44.664+0000] {processor.py:925} INFO - DAG(s) 'welcome_dag' retrieved from /opt/airflow/dags/welcome_dag.py
[2025-04-07T03:11:44.681+0000] {logging_mixin.py:190} INFO - [2025-04-07T03:11:44.680+0000] {dag.py:3239} INFO - Sync 1 DAGs
[2025-04-07T03:11:44.698+0000] {logging_mixin.py:190} INFO - [2025-04-07T03:11:44.697+0000] {dag.py:4180} INFO - Setting next_dagrun for welcome_dag to 2025-04-06 23:00:00+00:00, run_after=2025-04-07 23:00:00+00:00
[2025-04-07T03:11:44.727+0000] {processor.py:208} INFO - Processing /opt/airflow/dags/welcome_dag.py took 0.082 seconds
[2025-04-07T03:12:14.898+0000] {processor.py:186} INFO - Started process (PID=279) to work on /opt/airflow/dags/welcome_dag.py
[2025-04-07T03:12:14.898+0000] {processor.py:914} INFO - Processing file /opt/airflow/dags/welcome_dag.py for tasks to queue
[2025-04-07T03:12:14.900+0000] {logging_mixin.py:190} INFO - [2025-04-07T03:12:14.900+0000] {dagbag.py:588} INFO - Filling up the DagBag from /opt/airflow/dags/welcome_dag.py
[2025-04-07T03:12:14.912+0000] {processor.py:925} INFO - DAG(s) 'welcome_dag' retrieved from /opt/airflow/dags/welcome_dag.py
[2025-04-07T03:12:14.928+0000] {logging_mixin.py:190} INFO - [2025-04-07T03:12:14.928+0000] {dag.py:3239} INFO - Sync 1 DAGs
[2025-04-07T03:12:14.945+0000] {logging_mixin.py:190} INFO - [2025-04-07T03:12:14.945+0000] {dag.py:4180} INFO - Setting next_dagrun for welcome_dag to 2025-04-06 23:00:00+00:00, run_after=2025-04-07 23:00:00+00:00
[2025-04-07T03:12:14.977+0000] {processor.py:208} INFO - Processing /opt/airflow/dags/welcome_dag.py took 0.083 seconds
[2025-04-07T03:12:45.144+0000] {processor.py:186} INFO - Started process (PID=280) to work on /opt/airflow/dags/welcome_dag.py
[2025-04-07T03:12:45.145+0000] {processor.py:914} INFO - Processing file /opt/airflow/dags/welcome_dag.py for tasks to queue
[2025-04-07T03:12:45.146+0000] {logging_mixin.py:190} INFO - [2025-04-07T03:12:45.146+0000] {dagbag.py:588} INFO - Filling up the DagBag from /opt/airflow/dags/welcome_dag.py
[2025-04-07T03:12:45.158+0000] {processor.py:925} INFO - DAG(s) 'welcome_dag' retrieved from /opt/airflow/dags/welcome_dag.py
[2025-04-07T03:12:45.173+0000] {logging_mixin.py:190} INFO - [2025-04-07T03:12:45.173+0000] {dag.py:3239} INFO - Sync 1 DAGs
[2025-04-07T03:12:45.189+0000] {logging_mixin.py:190} INFO - [2025-04-07T03:12:45.189+0000] {dag.py:4180} INFO - Setting next_dagrun for welcome_dag to 2025-04-06 23:00:00+00:00, run_after=2025-04-07 23:00:00+00:00
[2025-04-07T03:12:45.237+0000] {processor.py:208} INFO - Processing /opt/airflow/dags/welcome_dag.py took 0.095 seconds
[2025-04-07T03:13:15.508+0000] {processor.py:186} INFO - Started process (PID=281) to work on /opt/airflow/dags/welcome_dag.py
[2025-04-07T03:13:15.508+0000] {processor.py:914} INFO - Processing file /opt/airflow/dags/welcome_dag.py for tasks to queue
[2025-04-07T03:13:15.509+0000] {logging_mixin.py:190} INFO - [2025-04-07T03:13:15.509+0000] {dagbag.py:588} INFO - Filling up the DagBag from /opt/airflow/dags/welcome_dag.py
[2025-04-07T03:13:15.522+0000] {processor.py:925} INFO - DAG(s) 'welcome_dag' retrieved from /opt/airflow/dags/welcome_dag.py
[2025-04-07T03:13:15.543+0000] {logging_mixin.py:190} INFO - [2025-04-07T03:13:15.543+0000] {dag.py:3239} INFO - Sync 1 DAGs
[2025-04-07T03:13:15.559+0000] {logging_mixin.py:190} INFO - [2025-04-07T03:13:15.559+0000] {dag.py:4180} INFO - Setting next_dagrun for welcome_dag to 2025-04-06 23:00:00+00:00, run_after=2025-04-07 23:00:00+00:00
[2025-04-07T03:13:15.588+0000] {processor.py:208} INFO - Processing /opt/airflow/dags/welcome_dag.py took 0.084 seconds
[2025-04-07T03:13:45.735+0000] {processor.py:186} INFO - Started process (PID=282) to work on /opt/airflow/dags/welcome_dag.py
[2025-04-07T03:13:45.736+0000] {processor.py:914} INFO - Processing file /opt/airflow/dags/welcome_dag.py for tasks to queue
[2025-04-07T03:13:45.737+0000] {logging_mixin.py:190} INFO - [2025-04-07T03:13:45.737+0000] {dagbag.py:588} INFO - Filling up the DagBag from /opt/airflow/dags/welcome_dag.py
[2025-04-07T03:13:45.750+0000] {processor.py:925} INFO - DAG(s) 'welcome_dag' retrieved from /opt/airflow/dags/welcome_dag.py
[2025-04-07T03:13:45.766+0000] {logging_mixin.py:190} INFO - [2025-04-07T03:13:45.766+0000] {dag.py:3239} INFO - Sync 1 DAGs
[2025-04-07T03:13:45.782+0000] {logging_mixin.py:190} INFO - [2025-04-07T03:13:45.782+0000] {dag.py:4180} INFO - Setting next_dagrun for welcome_dag to 2025-04-06 23:00:00+00:00, run_after=2025-04-07 23:00:00+00:00
[2025-04-07T03:13:45.808+0000] {processor.py:208} INFO - Processing /opt/airflow/dags/welcome_dag.py took 0.076 seconds
[2025-04-07T03:14:15.954+0000] {processor.py:186} INFO - Started process (PID=283) to work on /opt/airflow/dags/welcome_dag.py
[2025-04-07T03:14:15.954+0000] {processor.py:914} INFO - Processing file /opt/airflow/dags/welcome_dag.py for tasks to queue
[2025-04-07T03:14:15.956+0000] {logging_mixin.py:190} INFO - [2025-04-07T03:14:15.956+0000] {dagbag.py:588} INFO - Filling up the DagBag from /opt/airflow/dags/welcome_dag.py
[2025-04-07T03:14:15.967+0000] {processor.py:925} INFO - DAG(s) 'welcome_dag' retrieved from /opt/airflow/dags/welcome_dag.py
[2025-04-07T03:14:15.983+0000] {logging_mixin.py:190} INFO - [2025-04-07T03:14:15.983+0000] {dag.py:3239} INFO - Sync 1 DAGs
[2025-04-07T03:14:16.001+0000] {logging_mixin.py:190} INFO - [2025-04-07T03:14:16.001+0000] {dag.py:4180} INFO - Setting next_dagrun for welcome_dag to 2025-04-06 23:00:00+00:00, run_after=2025-04-07 23:00:00+00:00
[2025-04-07T03:14:16.033+0000] {processor.py:208} INFO - Processing /opt/airflow/dags/welcome_dag.py took 0.082 seconds
[2025-04-07T03:14:46.156+0000] {processor.py:186} INFO - Started process (PID=284) to work on /opt/airflow/dags/welcome_dag.py
[2025-04-07T03:14:46.157+0000] {processor.py:914} INFO - Processing file /opt/airflow/dags/welcome_dag.py for tasks to queue
[2025-04-07T03:14:46.158+0000] {logging_mixin.py:190} INFO - [2025-04-07T03:14:46.158+0000] {dagbag.py:588} INFO - Filling up the DagBag from /opt/airflow/dags/welcome_dag.py
[2025-04-07T03:14:46.171+0000] {processor.py:925} INFO - DAG(s) 'welcome_dag' retrieved from /opt/airflow/dags/welcome_dag.py
[2025-04-07T03:14:46.187+0000] {logging_mixin.py:190} INFO - [2025-04-07T03:14:46.187+0000] {dag.py:3239} INFO - Sync 1 DAGs
[2025-04-07T03:14:46.202+0000] {logging_mixin.py:190} INFO - [2025-04-07T03:14:46.202+0000] {dag.py:4180} INFO - Setting next_dagrun for welcome_dag to 2025-04-06 23:00:00+00:00, run_after=2025-04-07 23:00:00+00:00
[2025-04-07T03:14:46.229+0000] {processor.py:208} INFO - Processing /opt/airflow/dags/welcome_dag.py took 0.076 seconds
[2025-04-07T03:15:16.390+0000] {processor.py:186} INFO - Started process (PID=285) to work on /opt/airflow/dags/welcome_dag.py
[2025-04-07T03:15:16.390+0000] {processor.py:914} INFO - Processing file /opt/airflow/dags/welcome_dag.py for tasks to queue
[2025-04-07T03:15:16.392+0000] {logging_mixin.py:190} INFO - [2025-04-07T03:15:16.391+0000] {dagbag.py:588} INFO - Filling up the DagBag from /opt/airflow/dags/welcome_dag.py
[2025-04-07T03:15:16.403+0000] {processor.py:925} INFO - DAG(s) 'welcome_dag' retrieved from /opt/airflow/dags/welcome_dag.py
[2025-04-07T03:15:16.419+0000] {logging_mixin.py:190} INFO - [2025-04-07T03:15:16.419+0000] {dag.py:3239} INFO - Sync 1 DAGs
[2025-04-07T03:15:16.435+0000] {logging_mixin.py:190} INFO - [2025-04-07T03:15:16.435+0000] {dag.py:4180} INFO - Setting next_dagrun for welcome_dag to 2025-04-06 23:00:00+00:00, run_after=2025-04-07 23:00:00+00:00
[2025-04-07T03:15:16.464+0000] {processor.py:208} INFO - Processing /opt/airflow/dags/welcome_dag.py took 0.077 seconds
[2025-04-07T03:15:46.588+0000] {processor.py:186} INFO - Started process (PID=286) to work on /opt/airflow/dags/welcome_dag.py
[2025-04-07T03:15:46.588+0000] {processor.py:914} INFO - Processing file /opt/airflow/dags/welcome_dag.py for tasks to queue
[2025-04-07T03:15:46.590+0000] {logging_mixin.py:190} INFO - [2025-04-07T03:15:46.590+0000] {dagbag.py:588} INFO - Filling up the DagBag from /opt/airflow/dags/welcome_dag.py
[2025-04-07T03:15:46.602+0000] {processor.py:925} INFO - DAG(s) 'welcome_dag' retrieved from /opt/airflow/dags/welcome_dag.py
[2025-04-07T03:15:46.617+0000] {logging_mixin.py:190} INFO - [2025-04-07T03:15:46.617+0000] {dag.py:3239} INFO - Sync 1 DAGs
[2025-04-07T03:15:46.635+0000] {logging_mixin.py:190} INFO - [2025-04-07T03:15:46.635+0000] {dag.py:4180} INFO - Setting next_dagrun for welcome_dag to 2025-04-06 23:00:00+00:00, run_after=2025-04-07 23:00:00+00:00
[2025-04-07T03:15:46.661+0000] {processor.py:208} INFO - Processing /opt/airflow/dags/welcome_dag.py took 0.077 seconds
[2025-04-07T03:16:16.824+0000] {processor.py:186} INFO - Started process (PID=287) to work on /opt/airflow/dags/welcome_dag.py
[2025-04-07T03:16:16.824+0000] {processor.py:914} INFO - Processing file /opt/airflow/dags/welcome_dag.py for tasks to queue
[2025-04-07T03:16:16.826+0000] {logging_mixin.py:190} INFO - [2025-04-07T03:16:16.826+0000] {dagbag.py:588} INFO - Filling up the DagBag from /opt/airflow/dags/welcome_dag.py
[2025-04-07T03:16:16.838+0000] {processor.py:925} INFO - DAG(s) 'welcome_dag' retrieved from /opt/airflow/dags/welcome_dag.py
[2025-04-07T03:16:16.853+0000] {logging_mixin.py:190} INFO - [2025-04-07T03:16:16.853+0000] {dag.py:3239} INFO - Sync 1 DAGs
[2025-04-07T03:16:16.868+0000] {logging_mixin.py:190} INFO - [2025-04-07T03:16:16.868+0000] {dag.py:4180} INFO - Setting next_dagrun for welcome_dag to 2025-04-06 23:00:00+00:00, run_after=2025-04-07 23:00:00+00:00
[2025-04-07T03:16:16.899+0000] {processor.py:208} INFO - Processing /opt/airflow/dags/welcome_dag.py took 0.078 seconds
[2025-04-07T03:16:47.060+0000] {processor.py:186} INFO - Started process (PID=288) to work on /opt/airflow/dags/welcome_dag.py
[2025-04-07T03:16:47.061+0000] {processor.py:914} INFO - Processing file /opt/airflow/dags/welcome_dag.py for tasks to queue
[2025-04-07T03:16:47.062+0000] {logging_mixin.py:190} INFO - [2025-04-07T03:16:47.062+0000] {dagbag.py:588} INFO - Filling up the DagBag from /opt/airflow/dags/welcome_dag.py
[2025-04-07T03:16:47.074+0000] {processor.py:925} INFO - DAG(s) 'welcome_dag' retrieved from /opt/airflow/dags/welcome_dag.py
[2025-04-07T03:16:47.090+0000] {logging_mixin.py:190} INFO - [2025-04-07T03:16:47.089+0000] {dag.py:3239} INFO - Sync 1 DAGs
[2025-04-07T03:16:47.104+0000] {logging_mixin.py:190} INFO - [2025-04-07T03:16:47.104+0000] {dag.py:4180} INFO - Setting next_dagrun for welcome_dag to 2025-04-06 23:00:00+00:00, run_after=2025-04-07 23:00:00+00:00
[2025-04-07T03:16:47.130+0000] {processor.py:208} INFO - Processing /opt/airflow/dags/welcome_dag.py took 0.073 seconds
[2025-04-07T03:17:17.282+0000] {processor.py:186} INFO - Started process (PID=289) to work on /opt/airflow/dags/welcome_dag.py
[2025-04-07T03:17:17.282+0000] {processor.py:914} INFO - Processing file /opt/airflow/dags/welcome_dag.py for tasks to queue
[2025-04-07T03:17:17.283+0000] {logging_mixin.py:190} INFO - [2025-04-07T03:17:17.283+0000] {dagbag.py:588} INFO - Filling up the DagBag from /opt/airflow/dags/welcome_dag.py
[2025-04-07T03:17:17.296+0000] {processor.py:925} INFO - DAG(s) 'welcome_dag' retrieved from /opt/airflow/dags/welcome_dag.py
[2025-04-07T03:17:17.312+0000] {logging_mixin.py:190} INFO - [2025-04-07T03:17:17.312+0000] {dag.py:3239} INFO - Sync 1 DAGs
[2025-04-07T03:17:17.328+0000] {logging_mixin.py:190} INFO - [2025-04-07T03:17:17.327+0000] {dag.py:4180} INFO - Setting next_dagrun for welcome_dag to 2025-04-06 23:00:00+00:00, run_after=2025-04-07 23:00:00+00:00
[2025-04-07T03:17:17.353+0000] {processor.py:208} INFO - Processing /opt/airflow/dags/welcome_dag.py took 0.075 seconds
[2025-04-07T03:17:47.440+0000] {processor.py:186} INFO - Started process (PID=290) to work on /opt/airflow/dags/welcome_dag.py
[2025-04-07T03:17:47.441+0000] {processor.py:914} INFO - Processing file /opt/airflow/dags/welcome_dag.py for tasks to queue
[2025-04-07T03:17:47.443+0000] {logging_mixin.py:190} INFO - [2025-04-07T03:17:47.442+0000] {dagbag.py:588} INFO - Filling up the DagBag from /opt/airflow/dags/welcome_dag.py
[2025-04-07T03:17:47.455+0000] {processor.py:925} INFO - DAG(s) 'welcome_dag' retrieved from /opt/airflow/dags/welcome_dag.py
[2025-04-07T03:17:47.475+0000] {logging_mixin.py:190} INFO - [2025-04-07T03:17:47.475+0000] {dag.py:3239} INFO - Sync 1 DAGs
[2025-04-07T03:17:47.490+0000] {logging_mixin.py:190} INFO - [2025-04-07T03:17:47.490+0000] {dag.py:4180} INFO - Setting next_dagrun for welcome_dag to 2025-04-06 23:00:00+00:00, run_after=2025-04-07 23:00:00+00:00
[2025-04-07T03:17:47.517+0000] {processor.py:208} INFO - Processing /opt/airflow/dags/welcome_dag.py took 0.080 seconds
[2025-04-07T03:18:17.669+0000] {processor.py:186} INFO - Started process (PID=291) to work on /opt/airflow/dags/welcome_dag.py
[2025-04-07T03:18:17.670+0000] {processor.py:914} INFO - Processing file /opt/airflow/dags/welcome_dag.py for tasks to queue
[2025-04-07T03:18:17.671+0000] {logging_mixin.py:190} INFO - [2025-04-07T03:18:17.671+0000] {dagbag.py:588} INFO - Filling up the DagBag from /opt/airflow/dags/welcome_dag.py
[2025-04-07T03:18:17.686+0000] {processor.py:925} INFO - DAG(s) 'welcome_dag' retrieved from /opt/airflow/dags/welcome_dag.py
[2025-04-07T03:18:17.704+0000] {logging_mixin.py:190} INFO - [2025-04-07T03:18:17.704+0000] {dag.py:3239} INFO - Sync 1 DAGs
[2025-04-07T03:18:17.719+0000] {logging_mixin.py:190} INFO - [2025-04-07T03:18:17.719+0000] {dag.py:4180} INFO - Setting next_dagrun for welcome_dag to 2025-04-06 23:00:00+00:00, run_after=2025-04-07 23:00:00+00:00
[2025-04-07T03:18:17.745+0000] {processor.py:208} INFO - Processing /opt/airflow/dags/welcome_dag.py took 0.079 seconds
[2025-04-07T03:18:47.924+0000] {processor.py:186} INFO - Started process (PID=292) to work on /opt/airflow/dags/welcome_dag.py
[2025-04-07T03:18:47.925+0000] {processor.py:914} INFO - Processing file /opt/airflow/dags/welcome_dag.py for tasks to queue
[2025-04-07T03:18:47.926+0000] {logging_mixin.py:190} INFO - [2025-04-07T03:18:47.926+0000] {dagbag.py:588} INFO - Filling up the DagBag from /opt/airflow/dags/welcome_dag.py
[2025-04-07T03:18:47.938+0000] {processor.py:925} INFO - DAG(s) 'welcome_dag' retrieved from /opt/airflow/dags/welcome_dag.py
[2025-04-07T03:18:47.956+0000] {logging_mixin.py:190} INFO - [2025-04-07T03:18:47.956+0000] {dag.py:3239} INFO - Sync 1 DAGs
[2025-04-07T03:18:47.970+0000] {logging_mixin.py:190} INFO - [2025-04-07T03:18:47.970+0000] {dag.py:4180} INFO - Setting next_dagrun for welcome_dag to 2025-04-06 23:00:00+00:00, run_after=2025-04-07 23:00:00+00:00
[2025-04-07T03:18:47.998+0000] {processor.py:208} INFO - Processing /opt/airflow/dags/welcome_dag.py took 0.077 seconds
[2025-04-07T03:19:18.191+0000] {processor.py:186} INFO - Started process (PID=293) to work on /opt/airflow/dags/welcome_dag.py
[2025-04-07T03:19:18.192+0000] {processor.py:914} INFO - Processing file /opt/airflow/dags/welcome_dag.py for tasks to queue
[2025-04-07T03:19:18.193+0000] {logging_mixin.py:190} INFO - [2025-04-07T03:19:18.193+0000] {dagbag.py:588} INFO - Filling up the DagBag from /opt/airflow/dags/welcome_dag.py
[2025-04-07T03:19:18.206+0000] {processor.py:925} INFO - DAG(s) 'welcome_dag' retrieved from /opt/airflow/dags/welcome_dag.py
[2025-04-07T03:19:18.221+0000] {logging_mixin.py:190} INFO - [2025-04-07T03:19:18.221+0000] {dag.py:3239} INFO - Sync 1 DAGs
[2025-04-07T03:19:18.235+0000] {logging_mixin.py:190} INFO - [2025-04-07T03:19:18.235+0000] {dag.py:4180} INFO - Setting next_dagrun for welcome_dag to 2025-04-06 23:00:00+00:00, run_after=2025-04-07 23:00:00+00:00
[2025-04-07T03:19:18.263+0000] {processor.py:208} INFO - Processing /opt/airflow/dags/welcome_dag.py took 0.075 seconds
[2025-04-07T03:19:48.420+0000] {processor.py:186} INFO - Started process (PID=294) to work on /opt/airflow/dags/welcome_dag.py
[2025-04-07T03:19:48.420+0000] {processor.py:914} INFO - Processing file /opt/airflow/dags/welcome_dag.py for tasks to queue
[2025-04-07T03:19:48.422+0000] {logging_mixin.py:190} INFO - [2025-04-07T03:19:48.421+0000] {dagbag.py:588} INFO - Filling up the DagBag from /opt/airflow/dags/welcome_dag.py
[2025-04-07T03:19:48.434+0000] {processor.py:925} INFO - DAG(s) 'welcome_dag' retrieved from /opt/airflow/dags/welcome_dag.py
[2025-04-07T03:19:48.452+0000] {logging_mixin.py:190} INFO - [2025-04-07T03:19:48.452+0000] {dag.py:3239} INFO - Sync 1 DAGs
[2025-04-07T03:19:48.467+0000] {logging_mixin.py:190} INFO - [2025-04-07T03:19:48.467+0000] {dag.py:4180} INFO - Setting next_dagrun for welcome_dag to 2025-04-06 23:00:00+00:00, run_after=2025-04-07 23:00:00+00:00
[2025-04-07T03:19:48.493+0000] {processor.py:208} INFO - Processing /opt/airflow/dags/welcome_dag.py took 0.077 seconds
[2025-04-07T03:20:18.672+0000] {processor.py:186} INFO - Started process (PID=295) to work on /opt/airflow/dags/welcome_dag.py
[2025-04-07T03:20:18.673+0000] {processor.py:914} INFO - Processing file /opt/airflow/dags/welcome_dag.py for tasks to queue
[2025-04-07T03:20:18.674+0000] {logging_mixin.py:190} INFO - [2025-04-07T03:20:18.674+0000] {dagbag.py:588} INFO - Filling up the DagBag from /opt/airflow/dags/welcome_dag.py
[2025-04-07T03:20:18.690+0000] {processor.py:925} INFO - DAG(s) 'welcome_dag' retrieved from /opt/airflow/dags/welcome_dag.py
[2025-04-07T03:20:18.707+0000] {logging_mixin.py:190} INFO - [2025-04-07T03:20:18.707+0000] {dag.py:3239} INFO - Sync 1 DAGs
[2025-04-07T03:20:18.723+0000] {logging_mixin.py:190} INFO - [2025-04-07T03:20:18.723+0000] {dag.py:4180} INFO - Setting next_dagrun for welcome_dag to 2025-04-06 23:00:00+00:00, run_after=2025-04-07 23:00:00+00:00
[2025-04-07T03:20:18.750+0000] {processor.py:208} INFO - Processing /opt/airflow/dags/welcome_dag.py took 0.082 seconds
[2025-04-07T03:20:49.359+0000] {processor.py:186} INFO - Started process (PID=296) to work on /opt/airflow/dags/welcome_dag.py
[2025-04-07T03:20:49.360+0000] {processor.py:914} INFO - Processing file /opt/airflow/dags/welcome_dag.py for tasks to queue
[2025-04-07T03:20:49.362+0000] {logging_mixin.py:190} INFO - [2025-04-07T03:20:49.361+0000] {dagbag.py:588} INFO - Filling up the DagBag from /opt/airflow/dags/welcome_dag.py
[2025-04-07T03:20:49.376+0000] {processor.py:925} INFO - DAG(s) 'welcome_dag' retrieved from /opt/airflow/dags/welcome_dag.py
[2025-04-07T03:20:49.392+0000] {logging_mixin.py:190} INFO - [2025-04-07T03:20:49.392+0000] {dag.py:3239} INFO - Sync 1 DAGs
[2025-04-07T03:20:49.407+0000] {logging_mixin.py:190} INFO - [2025-04-07T03:20:49.407+0000] {dag.py:4180} INFO - Setting next_dagrun for welcome_dag to 2025-04-06 23:00:00+00:00, run_after=2025-04-07 23:00:00+00:00
[2025-04-07T03:20:49.441+0000] {processor.py:208} INFO - Processing /opt/airflow/dags/welcome_dag.py took 0.086 seconds
[2025-04-07T03:21:19.881+0000] {processor.py:186} INFO - Started process (PID=297) to work on /opt/airflow/dags/welcome_dag.py
[2025-04-07T03:21:19.883+0000] {processor.py:914} INFO - Processing file /opt/airflow/dags/welcome_dag.py for tasks to queue
[2025-04-07T03:21:19.884+0000] {logging_mixin.py:190} INFO - [2025-04-07T03:21:19.884+0000] {dagbag.py:588} INFO - Filling up the DagBag from /opt/airflow/dags/welcome_dag.py
[2025-04-07T03:21:19.896+0000] {processor.py:925} INFO - DAG(s) 'welcome_dag' retrieved from /opt/airflow/dags/welcome_dag.py
[2025-04-07T03:21:19.911+0000] {logging_mixin.py:190} INFO - [2025-04-07T03:21:19.911+0000] {dag.py:3239} INFO - Sync 1 DAGs
[2025-04-07T03:21:19.925+0000] {logging_mixin.py:190} INFO - [2025-04-07T03:21:19.925+0000] {dag.py:4180} INFO - Setting next_dagrun for welcome_dag to 2025-04-06 23:00:00+00:00, run_after=2025-04-07 23:00:00+00:00
[2025-04-07T03:21:19.948+0000] {processor.py:208} INFO - Processing /opt/airflow/dags/welcome_dag.py took 0.071 seconds
