[2025-04-07T18:04:27.309+0000] {local_task_job_runner.py:123} INFO - ::group::Pre task execution logs
[2025-04-07T18:04:27.321+0000] {taskinstance.py:2614} INFO - Dependencies all met for dep_context=non-requeueable deps ti=<TaskInstance: daily_update.update_tvl manual__2025-04-07T18:03:39.554541+00:00 [queued]>
[2025-04-07T18:04:27.327+0000] {taskinstance.py:2614} INFO - Dependencies all met for dep_context=requeueable deps ti=<TaskInstance: daily_update.update_tvl manual__2025-04-07T18:03:39.554541+00:00 [queued]>
[2025-04-07T18:04:27.328+0000] {taskinstance.py:2867} INFO - Starting attempt 1 of 1
[2025-04-07T18:04:27.348+0000] {taskinstance.py:2890} INFO - Executing <Task(PythonOperator): update_tvl> on 2025-04-07 18:03:39.554541+00:00
[2025-04-07T18:04:27.354+0000] {standard_task_runner.py:104} INFO - Running: ['airflow', 'tasks', 'run', 'daily_update', 'update_tvl', 'manual__2025-04-07T18:03:39.554541+00:00', '--job-id', '23', '--raw', '--subdir', 'DAGS_FOLDER/daily_update.py', '--cfg-path', '/tmp/tmp4cvbizur']
[2025-04-07T18:04:27.357+0000] {standard_task_runner.py:105} INFO - Job 23: Subtask update_tvl
[2025-04-07T18:04:27.358+0000] {logging_mixin.py:190} WARNING - /home/airflow/.local/lib/python3.12/site-packages/airflow/task/task_runner/standard_task_runner.py:70 DeprecationWarning: This process (pid=477) is multi-threaded, use of fork() may lead to deadlocks in the child.
[2025-04-07T18:04:27.358+0000] {standard_task_runner.py:72} INFO - Started process 507 to run task
[2025-04-07T18:04:27.392+0000] {task_command.py:467} INFO - Running <TaskInstance: daily_update.update_tvl manual__2025-04-07T18:03:39.554541+00:00 [running]> on host 159965489b0b
[2025-04-07T18:04:27.572+0000] {taskinstance.py:3134} INFO - Exporting env vars: AIRFLOW_CTX_DAG_OWNER='airflow' AIRFLOW_CTX_DAG_ID='daily_update' AIRFLOW_CTX_TASK_ID='update_tvl' AIRFLOW_CTX_EXECUTION_DATE='2025-04-07T18:03:39.554541+00:00' AIRFLOW_CTX_TRY_NUMBER='1' AIRFLOW_CTX_DAG_RUN_ID='manual__2025-04-07T18:03:39.554541+00:00'
[2025-04-07T18:04:27.572+0000] {taskinstance.py:732} INFO - ::endgroup::
[2025-04-07T18:04:27.580+0000] {daily_update.py:39} INFO - Pulling TVL data from DefiLlama
[2025-04-07T18:04:27.775+0000] {daily_update.py:44} INFO - Successfully pulled TVL data from DefiLlama
[2025-04-07T18:04:27.777+0000] {daily_update.py:63} INFO - Loading TVL data into BigQuery
[2025-04-07T18:04:28.380+0000] {daily_update.py:71} INFO - Successfully loaded TVL data into BigQuery
[2025-04-07T18:04:28.382+0000] {python.py:240} INFO - Done. Returned value was: 0
[2025-04-07T18:04:28.412+0000] {taskinstance.py:341} INFO - ::group::Post task execution logs
[2025-04-07T18:04:28.412+0000] {taskinstance.py:353} INFO - Marking task as SUCCESS. dag_id=daily_update, task_id=update_tvl, run_id=manual__2025-04-07T18:03:39.554541+00:00, execution_date=20250407T180339, start_date=20250407T180427, end_date=20250407T180428
[2025-04-07T18:04:28.456+0000] {local_task_job_runner.py:266} INFO - Task exited with return code 0
[2025-04-07T18:04:28.474+0000] {taskinstance.py:3901} INFO - 1 downstream tasks scheduled from follow-on schedule check
[2025-04-07T18:04:28.477+0000] {local_task_job_runner.py:245} INFO - ::endgroup::
