[2025-04-07T18:07:12.484+0000] {local_task_job_runner.py:123} INFO - ::group::Pre task execution logs
[2025-04-07T18:07:12.495+0000] {taskinstance.py:2614} INFO - Dependencies all met for dep_context=non-requeueable deps ti=<TaskInstance: daily_update.update_tvl manual__2025-04-07T18:06:13.655700+00:00 [queued]>
[2025-04-07T18:07:12.503+0000] {taskinstance.py:2614} INFO - Dependencies all met for dep_context=requeueable deps ti=<TaskInstance: daily_update.update_tvl manual__2025-04-07T18:06:13.655700+00:00 [queued]>
[2025-04-07T18:07:12.503+0000] {taskinstance.py:2867} INFO - Starting attempt 1 of 1
[2025-04-07T18:07:12.518+0000] {taskinstance.py:2890} INFO - Executing <Task(PythonOperator): update_tvl> on 2025-04-07 18:06:13.655700+00:00
[2025-04-07T18:07:12.524+0000] {standard_task_runner.py:104} INFO - Running: ['airflow', 'tasks', 'run', 'daily_update', 'update_tvl', 'manual__2025-04-07T18:06:13.655700+00:00', '--job-id', '26', '--raw', '--subdir', 'DAGS_FOLDER/daily_update.py', '--cfg-path', '/tmp/tmpjtkvy_qi']
[2025-04-07T18:07:12.526+0000] {standard_task_runner.py:105} INFO - Job 26: Subtask update_tvl
[2025-04-07T18:07:12.527+0000] {logging_mixin.py:190} WARNING - /home/airflow/.local/lib/python3.12/site-packages/airflow/task/task_runner/standard_task_runner.py:70 DeprecationWarning: This process (pid=582) is multi-threaded, use of fork() may lead to deadlocks in the child.
[2025-04-07T18:07:12.527+0000] {standard_task_runner.py:72} INFO - Started process 612 to run task
[2025-04-07T18:07:12.559+0000] {task_command.py:467} INFO - Running <TaskInstance: daily_update.update_tvl manual__2025-04-07T18:06:13.655700+00:00 [running]> on host 159965489b0b
[2025-04-07T18:07:12.730+0000] {taskinstance.py:3134} INFO - Exporting env vars: AIRFLOW_CTX_DAG_OWNER='airflow' AIRFLOW_CTX_DAG_ID='daily_update' AIRFLOW_CTX_TASK_ID='update_tvl' AIRFLOW_CTX_EXECUTION_DATE='2025-04-07T18:06:13.655700+00:00' AIRFLOW_CTX_TRY_NUMBER='1' AIRFLOW_CTX_DAG_RUN_ID='manual__2025-04-07T18:06:13.655700+00:00'
[2025-04-07T18:07:12.731+0000] {taskinstance.py:732} INFO - ::endgroup::
[2025-04-07T18:07:12.738+0000] {daily_update.py:39} INFO - Pulling TVL data from DefiLlama
[2025-04-07T18:07:12.863+0000] {daily_update.py:44} INFO - Successfully pulled TVL data from DefiLlama
[2025-04-07T18:07:12.864+0000] {daily_update.py:63} INFO - Loading TVL data into BigQuery
[2025-04-07T18:07:13.171+0000] {daily_update.py:71} INFO - Successfully loaded TVL data into BigQuery
[2025-04-07T18:07:13.173+0000] {python.py:240} INFO - Done. Returned value was: 0
[2025-04-07T18:07:13.203+0000] {taskinstance.py:341} INFO - ::group::Post task execution logs
[2025-04-07T18:07:13.203+0000] {taskinstance.py:353} INFO - Marking task as SUCCESS. dag_id=daily_update, task_id=update_tvl, run_id=manual__2025-04-07T18:06:13.655700+00:00, execution_date=20250407T180613, start_date=20250407T180712, end_date=20250407T180713
[2025-04-07T18:07:13.263+0000] {local_task_job_runner.py:266} INFO - Task exited with return code 0
[2025-04-07T18:07:13.283+0000] {taskinstance.py:3901} INFO - 1 downstream tasks scheduled from follow-on schedule check
[2025-04-07T18:07:13.287+0000] {local_task_job_runner.py:245} INFO - ::endgroup::
