[2025-04-07T18:04:30.982+0000] {local_task_job_runner.py:123} INFO - ::group::Pre task execution logs
[2025-04-07T18:04:30.995+0000] {taskinstance.py:2614} INFO - Dependencies all met for dep_context=non-requeueable deps ti=<TaskInstance: daily_update.update_stablecoin_marketcap manual__2025-04-07T18:03:39.554541+00:00 [queued]>
[2025-04-07T18:04:31.002+0000] {taskinstance.py:2614} INFO - Dependencies all met for dep_context=requeueable deps ti=<TaskInstance: daily_update.update_stablecoin_marketcap manual__2025-04-07T18:03:39.554541+00:00 [queued]>
[2025-04-07T18:04:31.002+0000] {taskinstance.py:2867} INFO - Starting attempt 1 of 1
[2025-04-07T18:04:31.032+0000] {taskinstance.py:2890} INFO - Executing <Task(PythonOperator): update_stablecoin_marketcap> on 2025-04-07 18:03:39.554541+00:00
[2025-04-07T18:04:31.038+0000] {standard_task_runner.py:104} INFO - Running: ['airflow', 'tasks', 'run', 'daily_update', 'update_stablecoin_marketcap', 'manual__2025-04-07T18:03:39.554541+00:00', '--job-id', '24', '--raw', '--subdir', 'DAGS_FOLDER/daily_update.py', '--cfg-path', '/tmp/tmpcem86tl4']
[2025-04-07T18:04:31.040+0000] {standard_task_runner.py:105} INFO - Job 24: Subtask update_stablecoin_marketcap
[2025-04-07T18:04:31.041+0000] {logging_mixin.py:190} WARNING - /home/airflow/.local/lib/python3.12/site-packages/airflow/task/task_runner/standard_task_runner.py:70 DeprecationWarning: This process (pid=509) is multi-threaded, use of fork() may lead to deadlocks in the child.
[2025-04-07T18:04:31.041+0000] {standard_task_runner.py:72} INFO - Started process 539 to run task
[2025-04-07T18:04:31.077+0000] {task_command.py:467} INFO - Running <TaskInstance: daily_update.update_stablecoin_marketcap manual__2025-04-07T18:03:39.554541+00:00 [running]> on host 159965489b0b
[2025-04-07T18:04:31.266+0000] {taskinstance.py:3134} INFO - Exporting env vars: AIRFLOW_CTX_DAG_OWNER='airflow' AIRFLOW_CTX_DAG_ID='daily_update' AIRFLOW_CTX_TASK_ID='update_stablecoin_marketcap' AIRFLOW_CTX_EXECUTION_DATE='2025-04-07T18:03:39.554541+00:00' AIRFLOW_CTX_TRY_NUMBER='1' AIRFLOW_CTX_DAG_RUN_ID='manual__2025-04-07T18:03:39.554541+00:00'
[2025-04-07T18:04:31.266+0000] {taskinstance.py:732} INFO - ::endgroup::
[2025-04-07T18:04:31.274+0000] {daily_update.py:80} INFO - Pulling stablecoin market cap data from DefiLlama
[2025-04-07T18:04:31.422+0000] {daily_update.py:85} INFO - Successfully pulled stablecoin market cap data from DefiLlama
[2025-04-07T18:04:31.423+0000] {daily_update.py:104} INFO - Loading stablecoin market cap data into BigQuery
[2025-04-07T18:04:31.807+0000] {daily_update.py:112} INFO - Successfully loaded stablecoin market cap data into BigQuery
[2025-04-07T18:04:31.809+0000] {python.py:240} INFO - Done. Returned value was: 0
[2025-04-07T18:04:31.843+0000] {taskinstance.py:341} INFO - ::group::Post task execution logs
[2025-04-07T18:04:31.843+0000] {taskinstance.py:353} INFO - Marking task as SUCCESS. dag_id=daily_update, task_id=update_stablecoin_marketcap, run_id=manual__2025-04-07T18:03:39.554541+00:00, execution_date=20250407T180339, start_date=20250407T180430, end_date=20250407T180431
[2025-04-07T18:04:31.898+0000] {local_task_job_runner.py:266} INFO - Task exited with return code 0
[2025-04-07T18:04:31.911+0000] {taskinstance.py:3901} INFO - 0 downstream tasks scheduled from follow-on schedule check
[2025-04-07T18:04:31.911+0000] {local_task_job_runner.py:245} INFO - ::endgroup::
